# JRE version: Java(TM) SE Runtime Environment (8.0_92-b14) (build 1.8.0_92-b14)
# Java VM: Java HotSpot(TM) 64-Bit Server VM (25.92-b14 mixed mode windows-amd64 compressed oops)
Heap:
 PSYoungGen      total 237056K, used 144383K [0x00000000eab00000, 0x00000000fea80000, 0x0000000100000000)
  eden space 195584K, 52% used [0x00000000eab00000,0x00000000f0f86790,0x00000000f6a00000)
  from space 41472K, 99% used [0x00000000f6a00000,0x00000000f9279708,0x00000000f9280000)
  to   space 49152K, 0% used [0x00000000fba80000,0x00000000fba80000,0x00000000fea80000)
 ParOldGen       total 210432K, used 89188K [0x00000000c0000000, 0x00000000ccd80000, 0x00000000eab00000)
  object space 210432K, 42% used [0x00000000c0000000,0x00000000c5719220,0x00000000ccd80000)
 Metaspace       used 57404K, capacity 58812K, committed 59008K, reserved 1099776K
  class space    used 7489K, capacity 7943K, committed 8064K, reserved 1048576K
GC Heap History (10 events):
Event: 28.770 GC heap before
{Heap before GC invocations=18 (full 2):
 PSYoungGen      total 160768K, used 149489K [0x00000000eab00000, 0x00000000f8080000, 0x0000000100000000)
  eden space 137216K, 100% used [0x00000000eab00000,0x00000000f3100000,0x00000000f3100000)
  from space 23552K, 52% used [0x00000000f3100000,0x00000000f3cfc468,0x00000000f4800000)
  to   space 23040K, 0% used [0x00000000f6a00000,0x00000000f6a00000,0x00000000f8080000)
 ParOldGen       total 99840K, used 51818K [0x00000000c0000000, 0x00000000c6180000, 0x00000000eab00000)
  object space 99840K, 51% used [0x00000000c0000000,0x00000000c329ab10,0x00000000c6180000)
 Metaspace       used 48868K, capacity 49948K, committed 50304K, reserved 1093632K
  class space    used 6621K, capacity 6933K, committed 7040K, reserved 1048576K
Event: 28.781 GC heap after
Heap after GC invocations=18 (full 2):
 PSYoungGen      total 190464K, used 13170K [0x00000000eab00000, 0x00000000f7d80000, 0x0000000100000000)
  eden space 170496K, 0% used [0x00000000eab00000,0x00000000eab00000,0x00000000f5180000)
  from space 19968K, 65% used [0x00000000f6a00000,0x00000000f76dcbe0,0x00000000f7d80000)
  to   space 22528K, 0% used [0x00000000f5180000,0x00000000f5180000,0x00000000f6780000)
 ParOldGen       total 99840K, used 51826K [0x00000000c0000000, 0x00000000c6180000, 0x00000000eab00000)
  object space 99840K, 51% used [0x00000000c0000000,0x00000000c329cb10,0x00000000c6180000)
 Metaspace       used 48868K, capacity 49948K, committed 50304K, reserved 1093632K
  class space    used 6621K, capacity 6933K, committed 7040K, reserved 1048576K
}
Event: 33.403 GC heap before
{Heap before GC invocations=19 (full 2):
 PSYoungGen      total 190464K, used 183666K [0x00000000eab00000, 0x00000000f7d80000, 0x0000000100000000)
  eden space 170496K, 100% used [0x00000000eab00000,0x00000000f5180000,0x00000000f5180000)
  from space 19968K, 65% used [0x00000000f6a00000,0x00000000f76dcbe0,0x00000000f7d80000)
  to   space 22528K, 0% used [0x00000000f5180000,0x00000000f5180000,0x00000000f6780000)
 ParOldGen       total 99840K, used 51826K [0x00000000c0000000, 0x00000000c6180000, 0x00000000eab00000)
  object space 99840K, 51% used [0x00000000c0000000,0x00000000c329cb10,0x00000000c6180000)
 Metaspace       used 54448K, capacity 55598K, committed 55808K, reserved 1097728K
  class space    used 7270K, capacity 7606K, committed 7680K, reserved 1048576K
Event: 33.444 GC heap after
Heap after GC invocations=19 (full 2):
 PSYoungGen      total 193024K, used 22516K [0x00000000eab00000, 0x00000000fb900000, 0x0000000100000000)
  eden space 170496K, 0% used [0x00000000eab00000,0x00000000eab00000,0x00000000f5180000)
  from space 22528K, 99% used [0x00000000f5180000,0x00000000f677d378,0x00000000f6780000)
  to   space 39424K, 0% used [0x00000000f9280000,0x00000000f9280000,0x00000000fb900000)
 ParOldGen       total 99840K, used 89321K [0x00000000c0000000, 0x00000000c6180000, 0x00000000eab00000)
  object space 99840K, 89% used [0x00000000c0000000,0x00000000c573a770,0x00000000c6180000)
 Metaspace       used 54448K, capacity 55598K, committed 55808K, reserved 1097728K
  class space    used 7270K, capacity 7606K, committed 7680K, reserved 1048576K
}
Event: 33.444 GC heap before
{Heap before GC invocations=20 (full 3):
 PSYoungGen      total 193024K, used 22516K [0x00000000eab00000, 0x00000000fb900000, 0x0000000100000000)
  eden space 170496K, 0% used [0x00000000eab00000,0x00000000eab00000,0x00000000f5180000)
  from space 22528K, 99% used [0x00000000f5180000,0x00000000f677d378,0x00000000f6780000)
  to   space 39424K, 0% used [0x00000000f9280000,0x00000000f9280000,0x00000000fb900000)
 ParOldGen       total 99840K, used 89321K [0x00000000c0000000, 0x00000000c6180000, 0x00000000eab00000)
  object space 99840K, 89% used [0x00000000c0000000,0x00000000c573a770,0x00000000c6180000)
 Metaspace       used 54448K, capacity 55598K, committed 55808K, reserved 1097728K
  class space    used 7270K, capacity 7606K, committed 7680K, reserved 1048576K
Event: 33.766 GC heap after
Heap after GC invocations=20 (full 3):
 PSYoungGen      total 193024K, used 0K [0x00000000eab00000, 0x00000000fb900000, 0x0000000100000000)
  eden space 170496K, 0% used [0x00000000eab00000,0x00000000eab00000,0x00000000f5180000)
  from space 22528K, 0% used [0x00000000f5180000,0x00000000f5180000,0x00000000f6780000)
  to   space 39424K, 0% used [0x00000000f9280000,0x00000000f9280000,0x00000000fb900000)
 ParOldGen       total 210432K, used 87302K [0x00000000c0000000, 0x00000000ccd80000, 0x00000000eab00000)
  object space 210432K, 41% used [0x00000000c0000000,0x00000000c55418b8,0x00000000ccd80000)
 Metaspace       used 54448K, capacity 55598K, committed 55808K, reserved 1097728K
  class space    used 7270K, capacity 7606K, committed 7680K, reserved 1048576K
}
Event: 36.001 GC heap before
{Heap before GC invocations=21 (full 3):
 PSYoungGen      total 193024K, used 170496K [0x00000000eab00000, 0x00000000fb900000, 0x0000000100000000)
  eden space 170496K, 100% used [0x00000000eab00000,0x00000000f5180000,0x00000000f5180000)
  from space 22528K, 0% used [0x00000000f5180000,0x00000000f5180000,0x00000000f6780000)
  to   space 39424K, 0% used [0x00000000f9280000,0x00000000f9280000,0x00000000fb900000)
 ParOldGen       total 210432K, used 87302K [0x00000000c0000000, 0x00000000ccd80000, 0x00000000eab00000)
  object space 210432K, 41% used [0x00000000c0000000,0x00000000c55418b8,0x00000000ccd80000)
 Metaspace       used 55972K, capacity 57166K, committed 57472K, reserved 1099776K
  class space    used 7358K, capacity 7702K, committed 7808K, reserved 1048576K
Event: 36.031 GC heap after
Heap after GC invocations=21 (full 3):
 PSYoungGen      total 235008K, used 28000K [0x00000000eab00000, 0x00000000fbe80000, 0x0000000100000000)
  eden space 195584K, 0% used [0x00000000eab00000,0x00000000eab00000,0x00000000f6a00000)
  from space 39424K, 71% used [0x00000000f9280000,0x00000000fadd8148,0x00000000fb900000)
  to   space 41472K, 0% used [0x00000000f6a00000,0x00000000f6a00000,0x00000000f9280000)
 ParOldGen       total 210432K, used 87310K [0x00000000c0000000, 0x00000000ccd80000, 0x00000000eab00000)
  object space 210432K, 41% used [0x00000000c0000000,0x00000000c55438b8,0x00000000ccd80000)
 Metaspace       used 55972K, capacity 57166K, committed 57472K, reserved 1099776K
  class space    used 7358K, capacity 7702K, committed 7808K, reserved 1048576K
}
Event: 40.916 GC heap before
{Heap before GC invocations=22 (full 3):
 PSYoungGen      total 235008K, used 223584K [0x00000000eab00000, 0x00000000fbe80000, 0x0000000100000000)
  eden space 195584K, 100% used [0x00000000eab00000,0x00000000f6a00000,0x00000000f6a00000)
  from space 39424K, 71% used [0x00000000f9280000,0x00000000fadd8148,0x00000000fb900000)
  to   space 41472K, 0% used [0x00000000f6a00000,0x00000000f6a00000,0x00000000f9280000)
 ParOldGen       total 210432K, used 87310K [0x00000000c0000000, 0x00000000ccd80000, 0x00000000eab00000)
  object space 210432K, 41% used [0x00000000c0000000,0x00000000c55438b8,0x00000000ccd80000)
 Metaspace       used 57186K, capacity 58518K, committed 58624K, reserved 1099776K
  class space    used 7456K, capacity 7846K, committed 7936K, reserved 1048576K
Event: 40.972 GC heap after
Heap after GC invocations=22 (full 3):
 PSYoungGen      total 237056K, used 41445K [0x00000000eab00000, 0x00000000fea80000, 0x0000000100000000)
  eden space 195584K, 0% used [0x00000000eab00000,0x00000000eab00000,0x00000000f6a00000)
  from space 41472K, 99% used [0x00000000f6a00000,0x00000000f9279708,0x00000000f9280000)
  to   space 49152K, 0% used [0x00000000fba80000,0x00000000fba80000,0x00000000fea80000)
 ParOldGen       total 210432K, used 89188K [0x00000000c0000000, 0x00000000ccd80000, 0x00000000eab00000)
  object space 210432K, 42% used [0x00000000c0000000,0x00000000c5719220,0x00000000ccd80000)
 Metaspace       used 57186K, capacity 58518K, committed 58624K, reserved 1099776K
  class space    used 7456K, capacity 7846K, committed 7936K, reserved 1048576K
}

