# JRE version: Java(TM) SE Runtime Environment (8.0_92-b14) (build 1.8.0_92-b14)
# Java VM: Java HotSpot(TM) 64-Bit Server VM (25.92-b14 mixed mode windows-amd64 compressed oops)
Heap:
 PSYoungGen      total 217600K, used 15102K [0x00000000eab00000, 0x0000000100000000, 0x0000000100000000)
  eden space 101376K, 2% used [0x00000000eab00000,0x00000000ead6aa78,0x00000000f0e00000)
  from space 116224K, 10% used [0x00000000f0e00000,0x00000000f1a55008,0x00000000f7f80000)
  to   space 116224K, 0% used [0x00000000f8e80000,0x00000000f8e80000,0x0000000100000000)
 ParOldGen       total 330240K, used 233250K [0x00000000c0000000, 0x00000000d4280000, 0x00000000eab00000)
  object space 330240K, 70% used [0x00000000c0000000,0x00000000ce3c88f8,0x00000000d4280000)
 Metaspace       used 6514K, capacity 7256K, committed 7424K, reserved 1056768K
  class space    used 624K, capacity 656K, committed 768K, reserved 1048576K
GC Heap History (10 events):
Event: 8.604 GC heap before
{Heap before GC invocations=16 (full 2):
 PSYoungGen      total 165376K, used 165370K [0x00000000eab00000, 0x00000000fc600000, 0x0000000100000000)
  eden space 83968K, 100% used [0x00000000eab00000,0x00000000efd00000,0x00000000efd00000)
  from space 81408K, 99% used [0x00000000efd00000,0x00000000f4c7ea00,0x00000000f4c80000)
  to   space 95744K, 0% used [0x00000000f6880000,0x00000000f6880000,0x00000000fc600000)
 ParOldGen       total 330240K, used 186047K [0x00000000c0000000, 0x00000000d4280000, 0x00000000eab00000)
  object space 330240K, 56% used [0x00000000c0000000,0x00000000cb5afc68,0x00000000d4280000)
 Metaspace       used 6511K, capacity 7256K, committed 7424K, reserved 1056768K
  class space    used 624K, capacity 656K, committed 768K, reserved 1048576K
Event: 8.720 GC heap after
Heap after GC invocations=16 (full 2):
 PSYoungGen      total 173568K, used 95735K [0x00000000eab00000, 0x00000000ff500000, 0x0000000100000000)
  eden space 77824K, 0% used [0x00000000eab00000,0x00000000eab00000,0x00000000ef700000)
  from space 95744K, 99% used [0x00000000f6880000,0x00000000fc5fdf18,0x00000000fc600000)
  to   space 116224K, 0% used [0x00000000ef700000,0x00000000ef700000,0x00000000f6880000)
 ParOldGen       total 330240K, used 220608K [0x00000000c0000000, 0x00000000d4280000, 0x00000000eab00000)
  object space 330240K, 66% used [0x00000000c0000000,0x00000000cd770010,0x00000000d4280000)
 Metaspace       used 6511K, capacity 7256K, committed 7424K, reserved 1056768K
  class space    used 624K, capacity 656K, committed 768K, reserved 1048576K
}
Event: 8.758 GC heap before
{Heap before GC invocations=17 (full 2):
 PSYoungGen      total 173568K, used 173559K [0x00000000eab00000, 0x00000000ff500000, 0x0000000100000000)
  eden space 77824K, 100% used [0x00000000eab00000,0x00000000ef700000,0x00000000ef700000)
  from space 95744K, 99% used [0x00000000f6880000,0x00000000fc5fdf18,0x00000000fc600000)
  to   space 116224K, 0% used [0x00000000ef700000,0x00000000ef700000,0x00000000f6880000)
 ParOldGen       total 330240K, used 220608K [0x00000000c0000000, 0x00000000d4280000, 0x00000000eab00000)
  object space 330240K, 66% used [0x00000000c0000000,0x00000000cd770010,0x00000000d4280000)
 Metaspace       used 6511K, capacity 7256K, committed 7424K, reserved 1056768K
  class space    used 624K, capacity 656K, committed 768K, reserved 1048576K
Event: 8.840 GC heap after
Heap after GC invocations=17 (full 2):
 PSYoungGen      total 194048K, used 116205K [0x00000000eab00000, 0x00000000ff100000, 0x0000000100000000)
  eden space 77824K, 0% used [0x00000000eab00000,0x00000000eab00000,0x00000000ef700000)
  from space 116224K, 99% used [0x00000000ef700000,0x00000000f687b470,0x00000000f6880000)
  to   space 116224K, 0% used [0x00000000f7f80000,0x00000000f7f80000,0x00000000ff100000)
 ParOldGen       total 330240K, used 240230K [0x00000000c0000000, 0x00000000d4280000, 0x00000000eab00000)
  object space 330240K, 72% used [0x00000000c0000000,0x00000000cea99be8,0x00000000d4280000)
 Metaspace       used 6511K, capacity 7256K, committed 7424K, reserved 1056768K
  class space    used 624K, capacity 656K, committed 768K, reserved 1048576K
}
Event: 8.907 GC heap before
{Heap before GC invocations=18 (full 2):
 PSYoungGen      total 194048K, used 194029K [0x00000000eab00000, 0x00000000ff100000, 0x0000000100000000)
  eden space 77824K, 100% used [0x00000000eab00000,0x00000000ef700000,0x00000000ef700000)
  from space 116224K, 99% used [0x00000000ef700000,0x00000000f687b470,0x00000000f6880000)
  to   space 116224K, 0% used [0x00000000f7f80000,0x00000000f7f80000,0x00000000ff100000)
 ParOldGen       total 330240K, used 240230K [0x00000000c0000000, 0x00000000d4280000, 0x00000000eab00000)
  object space 330240K, 72% used [0x00000000c0000000,0x00000000cea99be8,0x00000000d4280000)
 Metaspace       used 6511K, capacity 7256K, committed 7424K, reserved 1056768K
  class space    used 624K, capacity 656K, committed 768K, reserved 1048576K
Event: 9.039 GC heap after
Heap after GC invocations=18 (full 2):
 PSYoungGen      total 217600K, used 116214K [0x00000000eab00000, 0x00000000ff380000, 0x0000000100000000)
  eden space 101376K, 0% used [0x00000000eab00000,0x00000000eab00000,0x00000000f0e00000)
  from space 116224K, 99% used [0x00000000f7f80000,0x00000000ff0fd9b0,0x00000000ff100000)
  to   space 116224K, 0% used [0x00000000f0e00000,0x00000000f0e00000,0x00000000f7f80000)
 ParOldGen       total 330240K, used 288862K [0x00000000c0000000, 0x00000000d4280000, 0x00000000eab00000)
  object space 330240K, 87% used [0x00000000c0000000,0x00000000d1a178d0,0x00000000d4280000)
 Metaspace       used 6511K, capacity 7256K, committed 7424K, reserved 1056768K
  class space    used 624K, capacity 656K, committed 768K, reserved 1048576K
}
Event: 9.039 GC heap before
{Heap before GC invocations=19 (full 3):
 PSYoungGen      total 217600K, used 116214K [0x00000000eab00000, 0x00000000ff380000, 0x0000000100000000)
  eden space 101376K, 0% used [0x00000000eab00000,0x00000000eab00000,0x00000000f0e00000)
  from space 116224K, 99% used [0x00000000f7f80000,0x00000000ff0fd9b0,0x00000000ff100000)
  to   space 116224K, 0% used [0x00000000f0e00000,0x00000000f0e00000,0x00000000f7f80000)
 ParOldGen       total 330240K, used 288862K [0x00000000c0000000, 0x00000000d4280000, 0x00000000eab00000)
  object space 330240K, 87% used [0x00000000c0000000,0x00000000d1a178d0,0x00000000d4280000)
 Metaspace       used 6511K, capacity 7256K, committed 7424K, reserved 1056768K
  class space    used 624K, capacity 656K, committed 768K, reserved 1048576K
Event: 9.718 GC heap after
Heap after GC invocations=19 (full 3):
 PSYoungGen      total 217600K, used 0K [0x00000000eab00000, 0x00000000ff380000, 0x0000000100000000)
  eden space 101376K, 0% used [0x00000000eab00000,0x00000000eab00000,0x00000000f0e00000)
  from space 116224K, 0% used [0x00000000f7f80000,0x00000000f7f80000,0x00000000ff100000)
  to   space 116224K, 0% used [0x00000000f0e00000,0x00000000f0e00000,0x00000000f7f80000)
 ParOldGen       total 330240K, used 233242K [0x00000000c0000000, 0x00000000d4280000, 0x00000000eab00000)
  object space 330240K, 70% used [0x00000000c0000000,0x00000000ce3c68f8,0x00000000d4280000)
 Metaspace       used 6511K, capacity 7256K, committed 7424K, reserved 1056768K
  class space    used 624K, capacity 656K, committed 768K, reserved 1048576K
}
Event: 10.203 GC heap before
{Heap before GC invocations=20 (full 3):
 PSYoungGen      total 217600K, used 101376K [0x00000000eab00000, 0x00000000ff380000, 0x0000000100000000)
  eden space 101376K, 100% used [0x00000000eab00000,0x00000000f0e00000,0x00000000f0e00000)
  from space 116224K, 0% used [0x00000000f7f80000,0x00000000f7f80000,0x00000000ff100000)
  to   space 116224K, 0% used [0x00000000f0e00000,0x00000000f0e00000,0x00000000f7f80000)
 ParOldGen       total 330240K, used 233242K [0x00000000c0000000, 0x00000000d4280000, 0x00000000eab00000)
  object space 330240K, 70% used [0x00000000c0000000,0x00000000ce3c68f8,0x00000000d4280000)
 Metaspace       used 6514K, capacity 7256K, committed 7424K, reserved 1056768K
  class space    used 624K, capacity 656K, committed 768K, reserved 1048576K
Event: 10.228 GC heap after
Heap after GC invocations=20 (full 3):
 PSYoungGen      total 217600K, used 12628K [0x00000000eab00000, 0x0000000100000000, 0x0000000100000000)
  eden space 101376K, 0% used [0x00000000eab00000,0x00000000eab00000,0x00000000f0e00000)
  from space 116224K, 10% used [0x00000000f0e00000,0x00000000f1a55008,0x00000000f7f80000)
  to   space 116224K, 0% used [0x00000000f8e80000,0x00000000f8e80000,0x0000000100000000)
 ParOldGen       total 330240K, used 233250K [0x00000000c0000000, 0x00000000d4280000, 0x00000000eab00000)
  object space 330240K, 70% used [0x00000000c0000000,0x00000000ce3c88f8,0x00000000d4280000)
 Metaspace       used 6514K, capacity 7256K, committed 7424K, reserved 1056768K
  class space    used 624K, capacity 656K, committed 768K, reserved 1048576K
}

