# JRE version: Java(TM) SE Runtime Environment (8.0_92-b14) (build 1.8.0_92-b14)
# Java VM: Java HotSpot(TM) 64-Bit Server VM (25.92-b14 mixed mode windows-amd64 compressed oops)
Heap:
 PSYoungGen      total 212480K, used 62597K [0x00000000eab00000, 0x00000000fed80000, 0x0000000100000000)
  eden space 97792K, 64% used [0x00000000eab00000,0x00000000ee821538,0x00000000f0a80000)
  from space 114688K, 0% used [0x00000000f7d80000,0x00000000f7d80000,0x00000000fed80000)
  to   space 116224K, 0% used [0x00000000f0a80000,0x00000000f0a80000,0x00000000f7c00000)
 ParOldGen       total 398848K, used 207854K [0x00000000c0000000, 0x00000000d8580000, 0x00000000eab00000)
  object space 398848K, 52% used [0x00000000c0000000,0x00000000ccafba58,0x00000000d8580000)
 Metaspace       used 6511K, capacity 7256K, committed 7424K, reserved 1056768K
  class space    used 624K, capacity 656K, committed 768K, reserved 1048576K
GC Heap History (10 events):
Event: 9.144 GC heap before
{Heap before GC invocations=20 (full 3):
 PSYoungGen      total 184832K, used 184808K [0x00000000eab00000, 0x00000000fd500000, 0x0000000100000000)
  eden space 69120K, 100% used [0x00000000eab00000,0x00000000eee80000,0x00000000eee80000)
  from space 115712K, 99% used [0x00000000f6000000,0x00000000fd0fa2b0,0x00000000fd100000)
  to   space 116224K, 0% used [0x00000000eee80000,0x00000000eee80000,0x00000000f6000000)
 ParOldGen       total 395264K, used 243201K [0x00000000c0000000, 0x00000000d8200000, 0x00000000eab00000)
  object space 395264K, 61% used [0x00000000c0000000,0x00000000ced804f0,0x00000000d8200000)
 Metaspace       used 6489K, capacity 7192K, committed 7424K, reserved 1056768K
  class space    used 624K, capacity 656K, committed 768K, reserved 1048576K
Event: 9.309 GC heap after
Heap after GC invocations=20 (full 3):
 PSYoungGen      total 185344K, used 116206K [0x00000000eab00000, 0x00000000fde00000, 0x0000000100000000)
  eden space 69120K, 0% used [0x00000000eab00000,0x00000000eab00000,0x00000000eee80000)
  from space 116224K, 99% used [0x00000000eee80000,0x00000000f5ffb8d0,0x00000000f6000000)
  to   space 116224K, 0% used [0x00000000f6c80000,0x00000000f6c80000,0x00000000fde00000)
 ParOldGen       total 395264K, used 266159K [0x00000000c0000000, 0x00000000d8200000, 0x00000000eab00000)
  object space 395264K, 67% used [0x00000000c0000000,0x00000000d03ebf58,0x00000000d8200000)
 Metaspace       used 6489K, capacity 7192K, committed 7424K, reserved 1056768K
  class space    used 624K, capacity 656K, committed 768K, reserved 1048576K
}
Event: 9.343 GC heap before
{Heap before GC invocations=21 (full 3):
 PSYoungGen      total 185344K, used 185326K [0x00000000eab00000, 0x00000000fde00000, 0x0000000100000000)
  eden space 69120K, 100% used [0x00000000eab00000,0x00000000eee80000,0x00000000eee80000)
  from space 116224K, 99% used [0x00000000eee80000,0x00000000f5ffb8d0,0x00000000f6000000)
  to   space 116224K, 0% used [0x00000000f6c80000,0x00000000f6c80000,0x00000000fde00000)
 ParOldGen       total 395264K, used 266159K [0x00000000c0000000, 0x00000000d8200000, 0x00000000eab00000)
  object space 395264K, 67% used [0x00000000c0000000,0x00000000d03ebf58,0x00000000d8200000)
 Metaspace       used 6489K, capacity 7192K, committed 7424K, reserved 1056768K
  class space    used 624K, capacity 656K, committed 768K, reserved 1048576K
Event: 9.436 GC heap after
Heap after GC invocations=21 (full 3):
 PSYoungGen      total 198144K, used 116207K [0x00000000eab00000, 0x00000000fe000000, 0x0000000100000000)
  eden space 81920K, 0% used [0x00000000eab00000,0x00000000eab00000,0x00000000efb00000)
  from space 116224K, 99% used [0x00000000f6c80000,0x00000000fddfbd20,0x00000000fde00000)
  to   space 116224K, 0% used [0x00000000efb00000,0x00000000efb00000,0x00000000f6c80000)
 ParOldGen       total 395264K, used 300991K [0x00000000c0000000, 0x00000000d8200000, 0x00000000eab00000)
  object space 395264K, 76% used [0x00000000c0000000,0x00000000d25efd30,0x00000000d8200000)
 Metaspace       used 6489K, capacity 7192K, committed 7424K, reserved 1056768K
  class space    used 624K, capacity 656K, committed 768K, reserved 1048576K
}
Event: 9.530 GC heap before
{Heap before GC invocations=22 (full 3):
 PSYoungGen      total 198144K, used 198127K [0x00000000eab00000, 0x00000000fe000000, 0x0000000100000000)
  eden space 81920K, 100% used [0x00000000eab00000,0x00000000efb00000,0x00000000efb00000)
  from space 116224K, 99% used [0x00000000f6c80000,0x00000000fddfbd20,0x00000000fde00000)
  to   space 116224K, 0% used [0x00000000efb00000,0x00000000efb00000,0x00000000f6c80000)
 ParOldGen       total 395264K, used 300991K [0x00000000c0000000, 0x00000000d8200000, 0x00000000eab00000)
  object space 395264K, 76% used [0x00000000c0000000,0x00000000d25efd30,0x00000000d8200000)
 Metaspace       used 6491K, capacity 7192K, committed 7424K, reserved 1056768K
  class space    used 624K, capacity 656K, committed 768K, reserved 1048576K
Event: 9.637 GC heap after
Heap after GC invocations=22 (full 3):
 PSYoungGen      total 198144K, used 116218K [0x00000000eab00000, 0x00000000fef00000, 0x0000000100000000)
  eden space 81920K, 0% used [0x00000000eab00000,0x00000000eab00000,0x00000000efb00000)
  from space 116224K, 99% used [0x00000000efb00000,0x00000000f6c7ea00,0x00000000f6c80000)
  to   space 116224K, 0% used [0x00000000f7d80000,0x00000000f7d80000,0x00000000fef00000)
 ParOldGen       total 395264K, used 328983K [0x00000000c0000000, 0x00000000d8200000, 0x00000000eab00000)
  object space 395264K, 83% used [0x00000000c0000000,0x00000000d4145ff8,0x00000000d8200000)
 Metaspace       used 6491K, capacity 7192K, committed 7424K, reserved 1056768K
  class space    used 624K, capacity 656K, committed 768K, reserved 1048576K
}
Event: 9.821 GC heap before
{Heap before GC invocations=23 (full 3):
 PSYoungGen      total 198144K, used 198138K [0x00000000eab00000, 0x00000000fef00000, 0x0000000100000000)
  eden space 81920K, 100% used [0x00000000eab00000,0x00000000efb00000,0x00000000efb00000)
  from space 116224K, 99% used [0x00000000efb00000,0x00000000f6c7ea00,0x00000000f6c80000)
  to   space 116224K, 0% used [0x00000000f7d80000,0x00000000f7d80000,0x00000000fef00000)
 ParOldGen       total 395264K, used 328983K [0x00000000c0000000, 0x00000000d8200000, 0x00000000eab00000)
  object space 395264K, 83% used [0x00000000c0000000,0x00000000d4145ff8,0x00000000d8200000)
 Metaspace       used 6508K, capacity 7256K, committed 7424K, reserved 1056768K
  class space    used 624K, capacity 656K, committed 768K, reserved 1048576K
Event: 9.917 GC heap after
Heap after GC invocations=23 (full 3):
 PSYoungGen      total 212480K, used 95122K [0x00000000eab00000, 0x00000000fed80000, 0x0000000100000000)
  eden space 97792K, 0% used [0x00000000eab00000,0x00000000eab00000,0x00000000f0a80000)
  from space 114688K, 82% used [0x00000000f7d80000,0x00000000fda64ab8,0x00000000fed80000)
  to   space 116224K, 0% used [0x00000000f0a80000,0x00000000f0a80000,0x00000000f7c00000)
 ParOldGen       total 395264K, used 365200K [0x00000000c0000000, 0x00000000d8200000, 0x00000000eab00000)
  object space 395264K, 92% used [0x00000000c0000000,0x00000000d64a40b8,0x00000000d8200000)
 Metaspace       used 6508K, capacity 7256K, committed 7424K, reserved 1056768K
  class space    used 624K, capacity 656K, committed 768K, reserved 1048576K
}
Event: 9.917 GC heap before
{Heap before GC invocations=24 (full 4):
 PSYoungGen      total 212480K, used 95122K [0x00000000eab00000, 0x00000000fed80000, 0x0000000100000000)
  eden space 97792K, 0% used [0x00000000eab00000,0x00000000eab00000,0x00000000f0a80000)
  from space 114688K, 82% used [0x00000000f7d80000,0x00000000fda64ab8,0x00000000fed80000)
  to   space 116224K, 0% used [0x00000000f0a80000,0x00000000f0a80000,0x00000000f7c00000)
 ParOldGen       total 395264K, used 365200K [0x00000000c0000000, 0x00000000d8200000, 0x00000000eab00000)
  object space 395264K, 92% used [0x00000000c0000000,0x00000000d64a40b8,0x00000000d8200000)
 Metaspace       used 6508K, capacity 7256K, committed 7424K, reserved 1056768K
  class space    used 624K, capacity 656K, committed 768K, reserved 1048576K
Event: 10.840 GC heap after
Heap after GC invocations=24 (full 4):
 PSYoungGen      total 212480K, used 0K [0x00000000eab00000, 0x00000000fed80000, 0x0000000100000000)
  eden space 97792K, 0% used [0x00000000eab00000,0x00000000eab00000,0x00000000f0a80000)
  from space 114688K, 0% used [0x00000000f7d80000,0x00000000f7d80000,0x00000000fed80000)
  to   space 116224K, 0% used [0x00000000f0a80000,0x00000000f0a80000,0x00000000f7c00000)
 ParOldGen       total 398848K, used 207854K [0x00000000c0000000, 0x00000000d8580000, 0x00000000eab00000)
  object space 398848K, 52% used [0x00000000c0000000,0x00000000ccafba58,0x00000000d8580000)
 Metaspace       used 6508K, capacity 7256K, committed 7424K, reserved 1056768K
  class space    used 624K, capacity 656K, committed 768K, reserved 1048576K
}

