# JRE version: Java(TM) SE Runtime Environment (8.0_92-b14) (build 1.8.0_92-b14)
# Java VM: Java HotSpot(TM) 64-Bit Server VM (25.92-b14 mixed mode windows-amd64 compressed oops)
Heap:
 PSYoungGen      total 38400K, used 32568K [0x00000000eab00000, 0x00000000ede80000, 0x0000000100000000)
  eden space 33280K, 82% used [0x00000000eab00000,0x00000000ec5d5090,0x00000000ecb80000)
  from space 5120K, 99% used [0x00000000ed080000,0x00000000ed579008,0x00000000ed580000)
  to   space 5120K, 0% used [0x00000000ecb80000,0x00000000ecb80000,0x00000000ed080000)
 ParOldGen       total 60416K, used 2683K [0x00000000c0000000, 0x00000000c3b00000, 0x00000000eab00000)
  object space 60416K, 4% used [0x00000000c0000000,0x00000000c029edd8,0x00000000c3b00000)
 Metaspace       used 6208K, capacity 7064K, committed 7424K, reserved 1058816K
  class space    used 622K, capacity 656K, committed 768K, reserved 1048576K
GC Heap History (6 events):
Event: 0.317 GC heap before
{Heap before GC invocations=1 (full 0):
 PSYoungGen      total 38400K, used 10017K [0x00000000eab00000, 0x00000000ed580000, 0x0000000100000000)
  eden space 33280K, 30% used [0x00000000eab00000,0x00000000eb4c85c8,0x00000000ecb80000)
  from space 5120K, 0% used [0x00000000ed080000,0x00000000ed080000,0x00000000ed580000)
  to   space 5120K, 0% used [0x00000000ecb80000,0x00000000ecb80000,0x00000000ed080000)
 ParOldGen       total 87552K, used 0K [0x00000000c0000000, 0x00000000c5580000, 0x00000000eab00000)
  object space 87552K, 0% used [0x00000000c0000000,0x00000000c0000000,0x00000000c5580000)
 Metaspace       used 4859K, capacity 5872K, committed 6016K, reserved 1060864K
  class space    used 539K, capacity 552K, committed 640K, reserved 1048576K
Event: 0.320 GC heap after
Heap after GC invocations=1 (full 0):
 PSYoungGen      total 38400K, used 2640K [0x00000000eab00000, 0x00000000ed580000, 0x0000000100000000)
  eden space 33280K, 0% used [0x00000000eab00000,0x00000000eab00000,0x00000000ecb80000)
  from space 5120K, 51% used [0x00000000ecb80000,0x00000000ece14178,0x00000000ed080000)
  to   space 5120K, 0% used [0x00000000ed080000,0x00000000ed080000,0x00000000ed580000)
 ParOldGen       total 87552K, used 8K [0x00000000c0000000, 0x00000000c5580000, 0x00000000eab00000)
  object space 87552K, 0% used [0x00000000c0000000,0x00000000c0002000,0x00000000c5580000)
 Metaspace       used 4859K, capacity 5872K, committed 6016K, reserved 1060864K
  class space    used 539K, capacity 552K, committed 640K, reserved 1048576K
}
Event: 0.320 GC heap before
{Heap before GC invocations=2 (full 1):
 PSYoungGen      total 38400K, used 2640K [0x00000000eab00000, 0x00000000ed580000, 0x0000000100000000)
  eden space 33280K, 0% used [0x00000000eab00000,0x00000000eab00000,0x00000000ecb80000)
  from space 5120K, 51% used [0x00000000ecb80000,0x00000000ece14178,0x00000000ed080000)
  to   space 5120K, 0% used [0x00000000ed080000,0x00000000ed080000,0x00000000ed580000)
 ParOldGen       total 87552K, used 8K [0x00000000c0000000, 0x00000000c5580000, 0x00000000eab00000)
  object space 87552K, 0% used [0x00000000c0000000,0x00000000c0002000,0x00000000c5580000)
 Metaspace       used 4859K, capacity 5872K, committed 6016K, reserved 1060864K
  class space    used 539K, capacity 552K, committed 640K, reserved 1048576K
Event: 0.330 GC heap after
Heap after GC invocations=2 (full 1):
 PSYoungGen      total 38400K, used 0K [0x00000000eab00000, 0x00000000ed580000, 0x0000000100000000)
  eden space 33280K, 0% used [0x00000000eab00000,0x00000000eab00000,0x00000000ecb80000)
  from space 5120K, 0% used [0x00000000ecb80000,0x00000000ecb80000,0x00000000ed080000)
  to   space 5120K, 0% used [0x00000000ed080000,0x00000000ed080000,0x00000000ed580000)
 ParOldGen       total 60416K, used 2483K [0x00000000c0000000, 0x00000000c3b00000, 0x00000000eab00000)
  object space 60416K, 4% used [0x00000000c0000000,0x00000000c026ce48,0x00000000c3b00000)
 Metaspace       used 4859K, capacity 5872K, committed 6016K, reserved 1058816K
  class space    used 539K, capacity 552K, committed 640K, reserved 1048576K
}
Event: 0.692 GC heap before
{Heap before GC invocations=3 (full 1):
 PSYoungGen      total 38400K, used 33280K [0x00000000eab00000, 0x00000000ed580000, 0x0000000100000000)
  eden space 33280K, 100% used [0x00000000eab00000,0x00000000ecb80000,0x00000000ecb80000)
  from space 5120K, 0% used [0x00000000ecb80000,0x00000000ecb80000,0x00000000ed080000)
  to   space 5120K, 0% used [0x00000000ed080000,0x00000000ed080000,0x00000000ed580000)
 ParOldGen       total 60416K, used 2483K [0x00000000c0000000, 0x00000000c3b00000, 0x00000000eab00000)
  object space 60416K, 4% used [0x00000000c0000000,0x00000000c026ce48,0x00000000c3b00000)
 Metaspace       used 5998K, capacity 6900K, committed 7040K, reserved 1058816K
  class space    used 600K, capacity 620K, committed 640K, reserved 1048576K
Event: 0.697 GC heap after
Heap after GC invocations=3 (full 1):
 PSYoungGen      total 38400K, used 5092K [0x00000000eab00000, 0x00000000ede80000, 0x0000000100000000)
  eden space 33280K, 0% used [0x00000000eab00000,0x00000000eab00000,0x00000000ecb80000)
  from space 5120K, 99% used [0x00000000ed080000,0x00000000ed579008,0x00000000ed580000)
  to   space 5120K, 0% used [0x00000000ecb80000,0x00000000ecb80000,0x00000000ed080000)
 ParOldGen       total 60416K, used 2683K [0x00000000c0000000, 0x00000000c3b00000, 0x00000000eab00000)
  object space 60416K, 4% used [0x00000000c0000000,0x00000000c029edd8,0x00000000c3b00000)
 Metaspace       used 5998K, capacity 6900K, committed 7040K, reserved 1058816K
  class space    used 600K, capacity 620K, committed 640K, reserved 1048576K
}

