# JRE version: Java(TM) SE Runtime Environment (8.0_92-b14) (build 1.8.0_92-b14)
# Java VM: Java HotSpot(TM) 64-Bit Server VM (25.92-b14 mixed mode windows-amd64 compressed oops)
Heap:
 PSYoungGen      total 231936K, used 60963K [0x00000000eab00000, 0x00000000ff700000, 0x0000000100000000)
  eden space 126976K, 48% used [0x00000000eab00000,0x00000000ee688eb8,0x00000000f2700000)
  from space 104960K, 0% used [0x00000000f9080000,0x00000000f9080000,0x00000000ff700000)
  to   space 106496K, 0% used [0x00000000f2700000,0x00000000f2700000,0x00000000f8f00000)
 ParOldGen       total 414208K, used 206760K [0x00000000c0000000, 0x00000000d9480000, 0x00000000eab00000)
  object space 414208K, 49% used [0x00000000c0000000,0x00000000cc9ea078,0x00000000d9480000)
 Metaspace       used 6532K, capacity 7256K, committed 7424K, reserved 1056768K
  class space    used 625K, capacity 656K, committed 768K, reserved 1048576K
GC Heap History (10 events):
Event: 10.684 GC heap before
{Heap before GC invocations=14 (full 3):
 PSYoungGen      total 232960K, used 46881K [0x00000000eab00000, 0x0000000100000000, 0x0000000100000000)
  eden space 116736K, 0% used [0x00000000eab00000,0x00000000eab00000,0x00000000f1d00000)
  from space 116224K, 40% used [0x00000000f1d00000,0x00000000f4ac84c0,0x00000000f8e80000)
  to   space 116224K, 0% used [0x00000000f8e80000,0x00000000f8e80000,0x0000000100000000)
 ParOldGen       total 312320K, used 291459K [0x00000000c0000000, 0x00000000d3100000, 0x00000000eab00000)
  object space 312320K, 93% used [0x00000000c0000000,0x00000000d1ca0c58,0x00000000d3100000)
 Metaspace       used 6511K, capacity 7256K, committed 7424K, reserved 1056768K
  class space    used 623K, capacity 656K, committed 768K, reserved 1048576K
Event: 11.681 GC heap after
Heap after GC invocations=14 (full 3):
 PSYoungGen      total 232960K, used 0K [0x00000000eab00000, 0x0000000100000000, 0x0000000100000000)
  eden space 116736K, 0% used [0x00000000eab00000,0x00000000eab00000,0x00000000f1d00000)
  from space 116224K, 0% used [0x00000000f1d00000,0x00000000f1d00000,0x00000000f8e80000)
  to   space 116224K, 0% used [0x00000000f8e80000,0x00000000f8e80000,0x0000000100000000)
 ParOldGen       total 355328K, used 171293K [0x00000000c0000000, 0x00000000d5b00000, 0x00000000eab00000)
  object space 355328K, 48% used [0x00000000c0000000,0x00000000ca7477e0,0x00000000d5b00000)
 Metaspace       used 6511K, capacity 7256K, committed 7424K, reserved 1056768K
  class space    used 623K, capacity 656K, committed 768K, reserved 1048576K
}
Event: 12.634 GC heap before
{Heap before GC invocations=15 (full 3):
 PSYoungGen      total 232960K, used 116736K [0x00000000eab00000, 0x0000000100000000, 0x0000000100000000)
  eden space 116736K, 100% used [0x00000000eab00000,0x00000000f1d00000,0x00000000f1d00000)
  from space 116224K, 0% used [0x00000000f1d00000,0x00000000f1d00000,0x00000000f8e80000)
  to   space 116224K, 0% used [0x00000000f8e80000,0x00000000f8e80000,0x0000000100000000)
 ParOldGen       total 355328K, used 171293K [0x00000000c0000000, 0x00000000d5b00000, 0x00000000eab00000)
  object space 355328K, 48% used [0x00000000c0000000,0x00000000ca7477e0,0x00000000d5b00000)
 Metaspace       used 6514K, capacity 7256K, committed 7424K, reserved 1056768K
  class space    used 623K, capacity 656K, committed 768K, reserved 1048576K
Event: 12.963 GC heap after
Heap after GC invocations=15 (full 3):
 PSYoungGen      total 226816K, used 53047K [0x00000000eab00000, 0x00000000ffa00000, 0x0000000100000000)
  eden space 116736K, 0% used [0x00000000eab00000,0x00000000eab00000,0x00000000f1d00000)
  from space 110080K, 48% used [0x00000000f8e80000,0x00000000fc24df80,0x00000000ffa00000)
  to   space 113152K, 0% used [0x00000000f1d00000,0x00000000f1d00000,0x00000000f8b80000)
 ParOldGen       total 355328K, used 171293K [0x00000000c0000000, 0x00000000d5b00000, 0x00000000eab00000)
  object space 355328K, 48% used [0x00000000c0000000,0x00000000ca7477e0,0x00000000d5b00000)
 Metaspace       used 6514K, capacity 7256K, committed 7424K, reserved 1056768K
  class space    used 623K, capacity 656K, committed 768K, reserved 1048576K
}
Event: 13.360 GC heap before
{Heap before GC invocations=16 (full 3):
 PSYoungGen      total 226816K, used 169783K [0x00000000eab00000, 0x00000000ffa00000, 0x0000000100000000)
  eden space 116736K, 100% used [0x00000000eab00000,0x00000000f1d00000,0x00000000f1d00000)
  from space 110080K, 48% used [0x00000000f8e80000,0x00000000fc24df80,0x00000000ffa00000)
  to   space 113152K, 0% used [0x00000000f1d00000,0x00000000f1d00000,0x00000000f8b80000)
 ParOldGen       total 355328K, used 171293K [0x00000000c0000000, 0x00000000d5b00000, 0x00000000eab00000)
  object space 355328K, 48% used [0x00000000c0000000,0x00000000ca7477e0,0x00000000d5b00000)
 Metaspace       used 6514K, capacity 7256K, committed 7424K, reserved 1056768K
  class space    used 623K, capacity 656K, committed 768K, reserved 1048576K
Event: 13.470 GC heap after
Heap after GC invocations=16 (full 3):
 PSYoungGen      total 229888K, used 40829K [0x00000000eab00000, 0x00000000ffb00000, 0x0000000100000000)
  eden space 116736K, 0% used [0x00000000eab00000,0x00000000eab00000,0x00000000f1d00000)
  from space 113152K, 36% used [0x00000000f1d00000,0x00000000f44df4c8,0x00000000f8b80000)
  to   space 109056K, 0% used [0x00000000f9080000,0x00000000f9080000,0x00000000ffb00000)
 ParOldGen       total 355328K, used 225752K [0x00000000c0000000, 0x00000000d5b00000, 0x00000000eab00000)
  object space 355328K, 63% used [0x00000000c0000000,0x00000000cdc762e0,0x00000000d5b00000)
 Metaspace       used 6514K, capacity 7256K, committed 7424K, reserved 1056768K
  class space    used 623K, capacity 656K, committed 768K, reserved 1048576K
}
Event: 14.368 GC heap before
{Heap before GC invocations=17 (full 3):
 PSYoungGen      total 229888K, used 157565K [0x00000000eab00000, 0x00000000ffb00000, 0x0000000100000000)
  eden space 116736K, 100% used [0x00000000eab00000,0x00000000f1d00000,0x00000000f1d00000)
  from space 113152K, 36% used [0x00000000f1d00000,0x00000000f44df4c8,0x00000000f8b80000)
  to   space 109056K, 0% used [0x00000000f9080000,0x00000000f9080000,0x00000000ffb00000)
 ParOldGen       total 355328K, used 225752K [0x00000000c0000000, 0x00000000d5b00000, 0x00000000eab00000)
  object space 355328K, 63% used [0x00000000c0000000,0x00000000cdc762e0,0x00000000d5b00000)
 Metaspace       used 6525K, capacity 7256K, committed 7424K, reserved 1056768K
  class space    used 623K, capacity 656K, committed 768K, reserved 1048576K
Event: 14.890 GC heap after
Heap after GC invocations=17 (full 3):
 PSYoungGen      total 231936K, used 33959K [0x00000000eab00000, 0x00000000ff700000, 0x0000000100000000)
  eden space 126976K, 0% used [0x00000000eab00000,0x00000000eab00000,0x00000000f2700000)
  from space 104960K, 32% used [0x00000000f9080000,0x00000000fb1a9dd8,0x00000000ff700000)
  to   space 106496K, 0% used [0x00000000f2700000,0x00000000f2700000,0x00000000f8f00000)
 ParOldGen       total 355328K, used 264604K [0x00000000c0000000, 0x00000000d5b00000, 0x00000000eab00000)
  object space 355328K, 74% used [0x00000000c0000000,0x00000000d02671d8,0x00000000d5b00000)
 Metaspace       used 6525K, capacity 7256K, committed 7424K, reserved 1056768K
  class space    used 623K, capacity 656K, committed 768K, reserved 1048576K
}
Event: 14.890 GC heap before
{Heap before GC invocations=18 (full 4):
 PSYoungGen      total 231936K, used 33959K [0x00000000eab00000, 0x00000000ff700000, 0x0000000100000000)
  eden space 126976K, 0% used [0x00000000eab00000,0x00000000eab00000,0x00000000f2700000)
  from space 104960K, 32% used [0x00000000f9080000,0x00000000fb1a9dd8,0x00000000ff700000)
  to   space 106496K, 0% used [0x00000000f2700000,0x00000000f2700000,0x00000000f8f00000)
 ParOldGen       total 355328K, used 264604K [0x00000000c0000000, 0x00000000d5b00000, 0x00000000eab00000)
  object space 355328K, 74% used [0x00000000c0000000,0x00000000d02671d8,0x00000000d5b00000)
 Metaspace       used 6525K, capacity 7256K, committed 7424K, reserved 1056768K
  class space    used 623K, capacity 656K, committed 768K, reserved 1048576K
Event: 16.172 GC heap after
Heap after GC invocations=18 (full 4):
 PSYoungGen      total 231936K, used 0K [0x00000000eab00000, 0x00000000ff700000, 0x0000000100000000)
  eden space 126976K, 0% used [0x00000000eab00000,0x00000000eab00000,0x00000000f2700000)
  from space 104960K, 0% used [0x00000000f9080000,0x00000000f9080000,0x00000000ff700000)
  to   space 106496K, 0% used [0x00000000f2700000,0x00000000f2700000,0x00000000f8f00000)
 ParOldGen       total 414208K, used 206760K [0x00000000c0000000, 0x00000000d9480000, 0x00000000eab00000)
  object space 414208K, 49% used [0x00000000c0000000,0x00000000cc9ea078,0x00000000d9480000)
 Metaspace       used 6525K, capacity 7256K, committed 7424K, reserved 1056768K
  class space    used 623K, capacity 656K, committed 768K, reserved 1048576K
}

