# JRE version: Java(TM) SE Runtime Environment (8.0_92-b14) (build 1.8.0_92-b14)
# Java VM: Java HotSpot(TM) 64-Bit Server VM (25.92-b14 mixed mode windows-amd64 compressed oops)
Heap:
 PSYoungGen      total 233984K, used 83806K [0x00000000eab00000, 0x00000000ffb80000, 0x0000000100000000)
  eden space 123392K, 2% used [0x00000000eab00000,0x00000000eadf56a8,0x00000000f2380000)
  from space 110592K, 73% used [0x00000000f2380000,0x00000000f7262360,0x00000000f8f80000)
  to   space 108032K, 0% used [0x00000000f9200000,0x00000000f9200000,0x00000000ffb80000)
 ParOldGen       total 280064K, used 186774K [0x00000000c0000000, 0x00000000d1180000, 0x00000000eab00000)
  object space 280064K, 66% used [0x00000000c0000000,0x00000000cb665ab0,0x00000000d1180000)
 Metaspace       used 6539K, capacity 7256K, committed 7424K, reserved 1056768K
  class space    used 624K, capacity 656K, committed 768K, reserved 1048576K
GC Heap History (10 events):
Event: 10.899 GC heap before
{Heap before GC invocations=15 (full 3):
 PSYoungGen      total 219136K, used 116736K [0x00000000eab00000, 0x0000000100000000, 0x0000000100000000)
  eden space 116736K, 100% used [0x00000000eab00000,0x00000000f1d00000,0x00000000f1d00000)
  from space 102400K, 0% used [0x00000000f9c00000,0x00000000f9c00000,0x0000000100000000)
  to   space 116224K, 0% used [0x00000000f1d00000,0x00000000f1d00000,0x00000000f8e80000)
 ParOldGen       total 280064K, used 129167K [0x00000000c0000000, 0x00000000d1180000, 0x00000000eab00000)
  object space 280064K, 46% used [0x00000000c0000000,0x00000000c7e23e28,0x00000000d1180000)
 Metaspace       used 6477K, capacity 7192K, committed 7424K, reserved 1056768K
  class space    used 624K, capacity 656K, committed 768K, reserved 1048576K
Event: 10.978 GC heap after
Heap after GC invocations=15 (full 3):
 PSYoungGen      total 232960K, used 57066K [0x00000000eab00000, 0x0000000100000000, 0x0000000100000000)
  eden space 116736K, 0% used [0x00000000eab00000,0x00000000eab00000,0x00000000f1d00000)
  from space 116224K, 49% used [0x00000000f1d00000,0x00000000f54bab18,0x00000000f8e80000)
  to   space 116224K, 0% used [0x00000000f8e80000,0x00000000f8e80000,0x0000000100000000)
 ParOldGen       total 280064K, used 129175K [0x00000000c0000000, 0x00000000d1180000, 0x00000000eab00000)
  object space 280064K, 46% used [0x00000000c0000000,0x00000000c7e25e28,0x00000000d1180000)
 Metaspace       used 6477K, capacity 7192K, committed 7424K, reserved 1056768K
  class space    used 624K, capacity 656K, committed 768K, reserved 1048576K
}
Event: 11.244 GC heap before
{Heap before GC invocations=16 (full 3):
 PSYoungGen      total 232960K, used 173802K [0x00000000eab00000, 0x0000000100000000, 0x0000000100000000)
  eden space 116736K, 100% used [0x00000000eab00000,0x00000000f1d00000,0x00000000f1d00000)
  from space 116224K, 49% used [0x00000000f1d00000,0x00000000f54bab18,0x00000000f8e80000)
  to   space 116224K, 0% used [0x00000000f8e80000,0x00000000f8e80000,0x0000000100000000)
 ParOldGen       total 280064K, used 129175K [0x00000000c0000000, 0x00000000d1180000, 0x00000000eab00000)
  object space 280064K, 46% used [0x00000000c0000000,0x00000000c7e25e28,0x00000000d1180000)
 Metaspace       used 6479K, capacity 7192K, committed 7424K, reserved 1056768K
  class space    used 624K, capacity 656K, committed 768K, reserved 1048576K
Event: 11.319 GC heap after
Heap after GC invocations=16 (full 3):
 PSYoungGen      total 226816K, used 50080K [0x00000000eab00000, 0x00000000ffa00000, 0x0000000100000000)
  eden space 116736K, 0% used [0x00000000eab00000,0x00000000eab00000,0x00000000f1d00000)
  from space 110080K, 45% used [0x00000000f8e80000,0x00000000fbf680f0,0x00000000ffa00000)
  to   space 113152K, 0% used [0x00000000f1d00000,0x00000000f1d00000,0x00000000f8b80000)
 ParOldGen       total 280064K, used 186766K [0x00000000c0000000, 0x00000000d1180000, 0x00000000eab00000)
  object space 280064K, 66% used [0x00000000c0000000,0x00000000cb663ab0,0x00000000d1180000)
 Metaspace       used 6479K, capacity 7192K, committed 7424K, reserved 1056768K
  class space    used 624K, capacity 656K, committed 768K, reserved 1048576K
}
Event: 11.688 GC heap before
{Heap before GC invocations=17 (full 3):
 PSYoungGen      total 226816K, used 166816K [0x00000000eab00000, 0x00000000ffa00000, 0x0000000100000000)
  eden space 116736K, 100% used [0x00000000eab00000,0x00000000f1d00000,0x00000000f1d00000)
  from space 110080K, 45% used [0x00000000f8e80000,0x00000000fbf680f0,0x00000000ffa00000)
  to   space 113152K, 0% used [0x00000000f1d00000,0x00000000f1d00000,0x00000000f8b80000)
 ParOldGen       total 280064K, used 186766K [0x00000000c0000000, 0x00000000d1180000, 0x00000000eab00000)
  object space 280064K, 66% used [0x00000000c0000000,0x00000000cb663ab0,0x00000000d1180000)
 Metaspace       used 6506K, capacity 7256K, committed 7424K, reserved 1056768K
  class space    used 624K, capacity 656K, committed 768K, reserved 1048576K
Event: 11.726 GC heap after
Heap after GC invocations=17 (full 3):
 PSYoungGen      total 229888K, used 63426K [0x00000000eab00000, 0x0000000100000000, 0x0000000100000000)
  eden space 116736K, 0% used [0x00000000eab00000,0x00000000eab00000,0x00000000f1d00000)
  from space 113152K, 56% used [0x00000000f1d00000,0x00000000f5af0ba8,0x00000000f8b80000)
  to   space 112640K, 0% used [0x00000000f9200000,0x00000000f9200000,0x0000000100000000)
 ParOldGen       total 280064K, used 186774K [0x00000000c0000000, 0x00000000d1180000, 0x00000000eab00000)
  object space 280064K, 66% used [0x00000000c0000000,0x00000000cb665ab0,0x00000000d1180000)
 Metaspace       used 6506K, capacity 7256K, committed 7424K, reserved 1056768K
  class space    used 624K, capacity 656K, committed 768K, reserved 1048576K
}
Event: 11.984 GC heap before
{Heap before GC invocations=18 (full 3):
 PSYoungGen      total 229888K, used 180162K [0x00000000eab00000, 0x0000000100000000, 0x0000000100000000)
  eden space 116736K, 100% used [0x00000000eab00000,0x00000000f1d00000,0x00000000f1d00000)
  from space 113152K, 56% used [0x00000000f1d00000,0x00000000f5af0ba8,0x00000000f8b80000)
  to   space 112640K, 0% used [0x00000000f9200000,0x00000000f9200000,0x0000000100000000)
 ParOldGen       total 280064K, used 186774K [0x00000000c0000000, 0x00000000d1180000, 0x00000000eab00000)
  object space 280064K, 66% used [0x00000000c0000000,0x00000000cb665ab0,0x00000000d1180000)
 Metaspace       used 6514K, capacity 7256K, committed 7424K, reserved 1056768K
  class space    used 624K, capacity 656K, committed 768K, reserved 1048576K
Event: 12.038 GC heap after
Heap after GC invocations=18 (full 3):
 PSYoungGen      total 231424K, used 60258K [0x00000000eab00000, 0x00000000ffb80000, 0x0000000100000000)
  eden space 123392K, 0% used [0x00000000eab00000,0x00000000eab00000,0x00000000f2380000)
  from space 108032K, 55% used [0x00000000f9200000,0x00000000fccd8bd8,0x00000000ffb80000)
  to   space 110592K, 0% used [0x00000000f2380000,0x00000000f2380000,0x00000000f8f80000)
 ParOldGen       total 280064K, used 186774K [0x00000000c0000000, 0x00000000d1180000, 0x00000000eab00000)
  object space 280064K, 66% used [0x00000000c0000000,0x00000000cb665ab0,0x00000000d1180000)
 Metaspace       used 6514K, capacity 7256K, committed 7424K, reserved 1056768K
  class space    used 624K, capacity 656K, committed 768K, reserved 1048576K
}
Event: 12.413 GC heap before
{Heap before GC invocations=19 (full 3):
 PSYoungGen      total 231424K, used 183650K [0x00000000eab00000, 0x00000000ffb80000, 0x0000000100000000)
  eden space 123392K, 100% used [0x00000000eab00000,0x00000000f2380000,0x00000000f2380000)
  from space 108032K, 55% used [0x00000000f9200000,0x00000000fccd8bd8,0x00000000ffb80000)
  to   space 110592K, 0% used [0x00000000f2380000,0x00000000f2380000,0x00000000f8f80000)
 ParOldGen       total 280064K, used 186774K [0x00000000c0000000, 0x00000000d1180000, 0x00000000eab00000)
  object space 280064K, 66% used [0x00000000c0000000,0x00000000cb665ab0,0x00000000d1180000)
 Metaspace       used 6539K, capacity 7256K, committed 7424K, reserved 1056768K
  class space    used 624K, capacity 656K, committed 768K, reserved 1048576K
Event: 12.496 GC heap after
Heap after GC invocations=19 (full 3):
 PSYoungGen      total 233984K, used 80776K [0x00000000eab00000, 0x00000000ffb80000, 0x0000000100000000)
  eden space 123392K, 0% used [0x00000000eab00000,0x00000000eab00000,0x00000000f2380000)
  from space 110592K, 73% used [0x00000000f2380000,0x00000000f7262360,0x00000000f8f80000)
  to   space 108032K, 0% used [0x00000000f9200000,0x00000000f9200000,0x00000000ffb80000)
 ParOldGen       total 280064K, used 186774K [0x00000000c0000000, 0x00000000d1180000, 0x00000000eab00000)
  object space 280064K, 66% used [0x00000000c0000000,0x00000000cb665ab0,0x00000000d1180000)
 Metaspace       used 6539K, capacity 7256K, committed 7424K, reserved 1056768K
  class space    used 624K, capacity 656K, committed 768K, reserved 1048576K
}

