# JRE version: Java(TM) SE Runtime Environment (8.0_92-b14) (build 1.8.0_92-b14)
# Java VM: Java HotSpot(TM) 64-Bit Server VM (25.92-b14 mixed mode windows-amd64 compressed oops)
Heap:
 PSYoungGen      total 210944K, used 5818K [0x00000000eab00000, 0x0000000100000000, 0x0000000100000000)
  eden space 124928K, 4% used [0x00000000eab00000,0x00000000eb0ae8b8,0x00000000f2500000)
  from space 86016K, 0% used [0x00000000fac00000,0x00000000fac00000,0x0000000100000000)
  to   space 112128K, 0% used [0x00000000f2500000,0x00000000f2500000,0x00000000f9280000)
 ParOldGen       total 215552K, used 100585K [0x00000000c0000000, 0x00000000cd280000, 0x00000000eab00000)
  object space 215552K, 46% used [0x00000000c0000000,0x00000000c623a650,0x00000000cd280000)
 Metaspace       used 6523K, capacity 7256K, committed 7424K, reserved 1056768K
  class space    used 623K, capacity 656K, committed 768K, reserved 1048576K
GC Heap History (10 events):
Event: 4.185 GC heap before
{Heap before GC invocations=8 (full 1):
 PSYoungGen      total 154112K, used 29154K [0x00000000eab00000, 0x0000000100000000, 0x0000000100000000)
  eden space 124928K, 0% used [0x00000000eab00000,0x00000000eab00000,0x00000000f2500000)
  from space 29184K, 99% used [0x00000000f2500000,0x00000000f4178898,0x00000000f4180000)
  to   space 75264K, 0% used [0x00000000fb680000,0x00000000fb680000,0x0000000100000000)
 ParOldGen       total 119808K, used 119312K [0x00000000c0000000, 0x00000000c7500000, 0x00000000eab00000)
  object space 119808K, 99% used [0x00000000c0000000,0x00000000c7484010,0x00000000c7500000)
 Metaspace       used 6449K, capacity 7192K, committed 7424K, reserved 1056768K
  class space    used 622K, capacity 656K, committed 768K, reserved 1048576K
Event: 4.666 GC heap after
Heap after GC invocations=8 (full 1):
 PSYoungGen      total 154112K, used 9869K [0x00000000eab00000, 0x0000000100000000, 0x0000000100000000)
  eden space 124928K, 0% used [0x00000000eab00000,0x00000000eab00000,0x00000000f2500000)
  from space 29184K, 33% used [0x00000000f2500000,0x00000000f2ea3500,0x00000000f4180000)
  to   space 75264K, 0% used [0x00000000fb680000,0x00000000fb680000,0x0000000100000000)
 ParOldGen       total 215552K, used 119623K [0x00000000c0000000, 0x00000000cd280000, 0x00000000eab00000)
  object space 215552K, 55% used [0x00000000c0000000,0x00000000c74d1d90,0x00000000cd280000)
 Metaspace       used 6449K, capacity 7192K, committed 7424K, reserved 1056768K
  class space    used 622K, capacity 656K, committed 768K, reserved 1048576K
}
Event: 4.738 GC heap before
{Heap before GC invocations=9 (full 1):
 PSYoungGen      total 154112K, used 134797K [0x00000000eab00000, 0x0000000100000000, 0x0000000100000000)
  eden space 124928K, 100% used [0x00000000eab00000,0x00000000f2500000,0x00000000f2500000)
  from space 29184K, 33% used [0x00000000f2500000,0x00000000f2ea3500,0x00000000f4180000)
  to   space 75264K, 0% used [0x00000000fb680000,0x00000000fb680000,0x0000000100000000)
 ParOldGen       total 215552K, used 119623K [0x00000000c0000000, 0x00000000cd280000, 0x00000000eab00000)
  object space 215552K, 55% used [0x00000000c0000000,0x00000000c74d1d90,0x00000000cd280000)
 Metaspace       used 6452K, capacity 7192K, committed 7424K, reserved 1056768K
  class space    used 622K, capacity 656K, committed 768K, reserved 1048576K
Event: 4.978 GC heap after
Heap after GC invocations=9 (full 1):
 PSYoungGen      total 252416K, used 64818K [0x00000000eab00000, 0x0000000100000000, 0x0000000100000000)
  eden space 177152K, 0% used [0x00000000eab00000,0x00000000eab00000,0x00000000f5800000)
  from space 75264K, 86% used [0x00000000fb680000,0x00000000ff5cca28,0x0000000100000000)
  to   space 86016K, 0% used [0x00000000f5800000,0x00000000f5800000,0x00000000fac00000)
 ParOldGen       total 215552K, used 119655K [0x00000000c0000000, 0x00000000cd280000, 0x00000000eab00000)
  object space 215552K, 55% used [0x00000000c0000000,0x00000000c74d9d90,0x00000000cd280000)
 Metaspace       used 6452K, capacity 7192K, committed 7424K, reserved 1056768K
  class space    used 622K, capacity 656K, committed 768K, reserved 1048576K
}
Event: 5.872 GC heap before
{Heap before GC invocations=10 (full 1):
 PSYoungGen      total 252416K, used 241970K [0x00000000eab00000, 0x0000000100000000, 0x0000000100000000)
  eden space 177152K, 100% used [0x00000000eab00000,0x00000000f5800000,0x00000000f5800000)
  from space 75264K, 86% used [0x00000000fb680000,0x00000000ff5cca28,0x0000000100000000)
  to   space 86016K, 0% used [0x00000000f5800000,0x00000000f5800000,0x00000000fac00000)
 ParOldGen       total 215552K, used 119655K [0x00000000c0000000, 0x00000000cd280000, 0x00000000eab00000)
  object space 215552K, 55% used [0x00000000c0000000,0x00000000c74d9d90,0x00000000cd280000)
 Metaspace       used 6508K, capacity 7256K, committed 7424K, reserved 1056768K
  class space    used 623K, capacity 656K, committed 768K, reserved 1048576K
Event: 6.027 GC heap after
Heap after GC invocations=10 (full 1):
 PSYoungGen      total 263168K, used 85650K [0x00000000eab00000, 0x0000000100000000, 0x0000000100000000)
  eden space 177152K, 0% used [0x00000000eab00000,0x00000000eab00000,0x00000000f5800000)
  from space 86016K, 99% used [0x00000000f5800000,0x00000000faba4af8,0x00000000fac00000)
  to   space 86016K, 0% used [0x00000000fac00000,0x00000000fac00000,0x0000000100000000)
 ParOldGen       total 215552K, used 123430K [0x00000000c0000000, 0x00000000cd280000, 0x00000000eab00000)
  object space 215552K, 57% used [0x00000000c0000000,0x00000000c7889840,0x00000000cd280000)
 Metaspace       used 6508K, capacity 7256K, committed 7424K, reserved 1056768K
  class space    used 623K, capacity 656K, committed 768K, reserved 1048576K
}
Event: 6.789 GC heap before
{Heap before GC invocations=11 (full 1):
 PSYoungGen      total 263168K, used 262802K [0x00000000eab00000, 0x0000000100000000, 0x0000000100000000)
  eden space 177152K, 100% used [0x00000000eab00000,0x00000000f5800000,0x00000000f5800000)
  from space 86016K, 99% used [0x00000000f5800000,0x00000000faba4af8,0x00000000fac00000)
  to   space 86016K, 0% used [0x00000000fac00000,0x00000000fac00000,0x0000000100000000)
 ParOldGen       total 215552K, used 123430K [0x00000000c0000000, 0x00000000cd280000, 0x00000000eab00000)
  object space 215552K, 57% used [0x00000000c0000000,0x00000000c7889840,0x00000000cd280000)
 Metaspace       used 6523K, capacity 7256K, committed 7424K, reserved 1056768K
  class space    used 623K, capacity 656K, committed 768K, reserved 1048576K
Event: 6.887 GC heap after
Heap after GC invocations=11 (full 1):
 PSYoungGen      total 210944K, used 82781K [0x00000000eab00000, 0x0000000100000000, 0x0000000100000000)
  eden space 124928K, 0% used [0x00000000eab00000,0x00000000eab00000,0x00000000f2500000)
  from space 86016K, 96% used [0x00000000fac00000,0x00000000ffcd7608,0x0000000100000000)
  to   space 112128K, 0% used [0x00000000f2500000,0x00000000f2500000,0x00000000f9280000)
 ParOldGen       total 215552K, used 183913K [0x00000000c0000000, 0x00000000cd280000, 0x00000000eab00000)
  object space 215552K, 85% used [0x00000000c0000000,0x00000000cb39a598,0x00000000cd280000)
 Metaspace       used 6523K, capacity 7256K, committed 7424K, reserved 1056768K
  class space    used 623K, capacity 656K, committed 768K, reserved 1048576K
}
Event: 6.887 GC heap before
{Heap before GC invocations=12 (full 2):
 PSYoungGen      total 210944K, used 82781K [0x00000000eab00000, 0x0000000100000000, 0x0000000100000000)
  eden space 124928K, 0% used [0x00000000eab00000,0x00000000eab00000,0x00000000f2500000)
  from space 86016K, 96% used [0x00000000fac00000,0x00000000ffcd7608,0x0000000100000000)
  to   space 112128K, 0% used [0x00000000f2500000,0x00000000f2500000,0x00000000f9280000)
 ParOldGen       total 215552K, used 183913K [0x00000000c0000000, 0x00000000cd280000, 0x00000000eab00000)
  object space 215552K, 85% used [0x00000000c0000000,0x00000000cb39a598,0x00000000cd280000)
 Metaspace       used 6523K, capacity 7256K, committed 7424K, reserved 1056768K
  class space    used 623K, capacity 656K, committed 768K, reserved 1048576K
Event: 7.390 GC heap after
Heap after GC invocations=12 (full 2):
 PSYoungGen      total 210944K, used 0K [0x00000000eab00000, 0x0000000100000000, 0x0000000100000000)
  eden space 124928K, 0% used [0x00000000eab00000,0x00000000eab00000,0x00000000f2500000)
  from space 86016K, 0% used [0x00000000fac00000,0x00000000fac00000,0x0000000100000000)
  to   space 112128K, 0% used [0x00000000f2500000,0x00000000f2500000,0x00000000f9280000)
 ParOldGen       total 215552K, used 100585K [0x00000000c0000000, 0x00000000cd280000, 0x00000000eab00000)
  object space 215552K, 46% used [0x00000000c0000000,0x00000000c623a650,0x00000000cd280000)
 Metaspace       used 6523K, capacity 7256K, committed 7424K, reserved 1056768K
  class space    used 623K, capacity 656K, committed 768K, reserved 1048576K
}

