# JRE version: Java(TM) SE Runtime Environment (8.0_92-b14) (build 1.8.0_92-b14)
# Java VM: Java HotSpot(TM) 64-Bit Server VM (25.92-b14 mixed mode windows-amd64 compressed oops)
Heap:
 PSYoungGen      total 275968K, used 214489K [0x00000000eab00000, 0x0000000100000000, 0x0000000100000000)
  eden space 202752K, 73% used [0x00000000eab00000,0x00000000f3d610f0,0x00000000f7100000)
  from space 73216K, 88% used [0x00000000f7100000,0x00000000fb0155e8,0x00000000fb880000)
  to   space 73216K, 0% used [0x00000000fb880000,0x00000000fb880000,0x0000000100000000)
 ParOldGen       total 136704K, used 136409K [0x00000000c0000000, 0x00000000c8580000, 0x00000000eab00000)
  object space 136704K, 99% used [0x00000000c0000000,0x00000000c85364f0,0x00000000c8580000)
 Metaspace       used 6475K, capacity 7192K, committed 7424K, reserved 1056768K
  class space    used 623K, capacity 656K, committed 768K, reserved 1048576K
GC Heap History (10 events):
Event: 7.343 GC heap before
{Heap before GC invocations=7 (full 0):
 PSYoungGen      total 145920K, used 145918K [0x00000000eab00000, 0x00000000f7000000, 0x0000000100000000)
  eden space 122368K, 100% used [0x00000000eab00000,0x00000000f2280000,0x00000000f2280000)
  from space 23552K, 99% used [0x00000000f4400000,0x00000000f5affba0,0x00000000f5b00000)
  to   space 34304K, 0% used [0x00000000f2280000,0x00000000f2280000,0x00000000f4400000)
 ParOldGen       total 87552K, used 44399K [0x00000000c0000000, 0x00000000c5580000, 0x00000000eab00000)
  object space 87552K, 50% used [0x00000000c0000000,0x00000000c2b5bca8,0x00000000c5580000)
 Metaspace       used 6433K, capacity 7192K, committed 7424K, reserved 1056768K
  class space    used 623K, capacity 656K, committed 768K, reserved 1048576K
Event: 7.408 GC heap after
Heap after GC invocations=7 (full 0):
 PSYoungGen      total 156672K, used 34278K [0x00000000eab00000, 0x0000000100000000, 0x0000000100000000)
  eden space 122368K, 0% used [0x00000000eab00000,0x00000000eab00000,0x00000000f2280000)
  from space 34304K, 99% used [0x00000000f2280000,0x00000000f43f9910,0x00000000f4400000)
  to   space 56832K, 0% used [0x00000000fc880000,0x00000000fc880000,0x0000000100000000)
 ParOldGen       total 87552K, used 76274K [0x00000000c0000000, 0x00000000c5580000, 0x00000000eab00000)
  object space 87552K, 87% used [0x00000000c0000000,0x00000000c4a7c818,0x00000000c5580000)
 Metaspace       used 6433K, capacity 7192K, committed 7424K, reserved 1056768K
  class space    used 623K, capacity 656K, committed 768K, reserved 1048576K
}
Event: 7.408 GC heap before
{Heap before GC invocations=8 (full 1):
 PSYoungGen      total 156672K, used 34278K [0x00000000eab00000, 0x0000000100000000, 0x0000000100000000)
  eden space 122368K, 0% used [0x00000000eab00000,0x00000000eab00000,0x00000000f2280000)
  from space 34304K, 99% used [0x00000000f2280000,0x00000000f43f9910,0x00000000f4400000)
  to   space 56832K, 0% used [0x00000000fc880000,0x00000000fc880000,0x0000000100000000)
 ParOldGen       total 87552K, used 76274K [0x00000000c0000000, 0x00000000c5580000, 0x00000000eab00000)
  object space 87552K, 87% used [0x00000000c0000000,0x00000000c4a7c818,0x00000000c5580000)
 Metaspace       used 6433K, capacity 7192K, committed 7424K, reserved 1056768K
  class space    used 623K, capacity 656K, committed 768K, reserved 1048576K
Event: 7.609 GC heap after
Heap after GC invocations=8 (full 1):
 PSYoungGen      total 156672K, used 0K [0x00000000eab00000, 0x0000000100000000, 0x0000000100000000)
  eden space 122368K, 0% used [0x00000000eab00000,0x00000000eab00000,0x00000000f2280000)
  from space 34304K, 0% used [0x00000000f2280000,0x00000000f2280000,0x00000000f4400000)
  to   space 56832K, 0% used [0x00000000fc880000,0x00000000fc880000,0x0000000100000000)
 ParOldGen       total 135680K, used 67138K [0x00000000c0000000, 0x00000000c8480000, 0x00000000eab00000)
  object space 135680K, 49% used [0x00000000c0000000,0x00000000c4190ad0,0x00000000c8480000)
 Metaspace       used 6433K, capacity 7192K, committed 7424K, reserved 1056768K
  class space    used 623K, capacity 656K, committed 768K, reserved 1048576K
}
Event: 7.677 GC heap before
{Heap before GC invocations=9 (full 1):
 PSYoungGen      total 156672K, used 122368K [0x00000000eab00000, 0x0000000100000000, 0x0000000100000000)
  eden space 122368K, 100% used [0x00000000eab00000,0x00000000f2280000,0x00000000f2280000)
  from space 34304K, 0% used [0x00000000f2280000,0x00000000f2280000,0x00000000f4400000)
  to   space 56832K, 0% used [0x00000000fc880000,0x00000000fc880000,0x0000000100000000)
 ParOldGen       total 135680K, used 67138K [0x00000000c0000000, 0x00000000c8480000, 0x00000000eab00000)
  object space 135680K, 49% used [0x00000000c0000000,0x00000000c4190ad0,0x00000000c8480000)
 Metaspace       used 6448K, capacity 7192K, committed 7424K, reserved 1056768K
  class space    used 623K, capacity 656K, committed 768K, reserved 1048576K
Event: 7.729 GC heap after
Heap after GC invocations=9 (full 1):
 PSYoungGen      total 259584K, used 56822K [0x00000000eab00000, 0x0000000100000000, 0x0000000100000000)
  eden space 202752K, 0% used [0x00000000eab00000,0x00000000eab00000,0x00000000f7100000)
  from space 56832K, 99% used [0x00000000fc880000,0x00000000ffffdad0,0x0000000100000000)
  to   space 73216K, 0% used [0x00000000f7100000,0x00000000f7100000,0x00000000fb880000)
 ParOldGen       total 135680K, used 79172K [0x00000000c0000000, 0x00000000c8480000, 0x00000000eab00000)
  object space 135680K, 58% used [0x00000000c0000000,0x00000000c4d51130,0x00000000c8480000)
 Metaspace       used 6448K, capacity 7192K, committed 7424K, reserved 1056768K
  class space    used 623K, capacity 656K, committed 768K, reserved 1048576K
}
Event: 8.108 GC heap before
{Heap before GC invocations=10 (full 1):
 PSYoungGen      total 259584K, used 259574K [0x00000000eab00000, 0x0000000100000000, 0x0000000100000000)
  eden space 202752K, 100% used [0x00000000eab00000,0x00000000f7100000,0x00000000f7100000)
  from space 56832K, 99% used [0x00000000fc880000,0x00000000ffffdad0,0x0000000100000000)
  to   space 73216K, 0% used [0x00000000f7100000,0x00000000f7100000,0x00000000fb880000)
 ParOldGen       total 135680K, used 79172K [0x00000000c0000000, 0x00000000c8480000, 0x00000000eab00000)
  object space 135680K, 58% used [0x00000000c0000000,0x00000000c4d51130,0x00000000c8480000)
 Metaspace       used 6465K, capacity 7192K, committed 7424K, reserved 1056768K
  class space    used 623K, capacity 656K, committed 768K, reserved 1048576K
Event: 8.287 GC heap after
Heap after GC invocations=10 (full 1):
 PSYoungGen      total 275968K, used 73194K [0x00000000eab00000, 0x0000000100000000, 0x0000000100000000)
  eden space 202752K, 0% used [0x00000000eab00000,0x00000000eab00000,0x00000000f7100000)
  from space 73216K, 99% used [0x00000000f7100000,0x00000000fb87aa98,0x00000000fb880000)
  to   space 73216K, 0% used [0x00000000fb880000,0x00000000fb880000,0x0000000100000000)
 ParOldGen       total 136704K, used 136313K [0x00000000c0000000, 0x00000000c8580000, 0x00000000eab00000)
  object space 136704K, 99% used [0x00000000c0000000,0x00000000c851e700,0x00000000c8580000)
 Metaspace       used 6465K, capacity 7192K, committed 7424K, reserved 1056768K
  class space    used 623K, capacity 656K, committed 768K, reserved 1048576K
}
Event: 8.287 GC heap before
{Heap before GC invocations=11 (full 2):
 PSYoungGen      total 275968K, used 73194K [0x00000000eab00000, 0x0000000100000000, 0x0000000100000000)
  eden space 202752K, 0% used [0x00000000eab00000,0x00000000eab00000,0x00000000f7100000)
  from space 73216K, 99% used [0x00000000f7100000,0x00000000fb87aa98,0x00000000fb880000)
  to   space 73216K, 0% used [0x00000000fb880000,0x00000000fb880000,0x0000000100000000)
 ParOldGen       total 136704K, used 136313K [0x00000000c0000000, 0x00000000c8580000, 0x00000000eab00000)
  object space 136704K, 99% used [0x00000000c0000000,0x00000000c851e700,0x00000000c8580000)
 Metaspace       used 6465K, capacity 7192K, committed 7424K, reserved 1056768K
  class space    used 623K, capacity 656K, committed 768K, reserved 1048576K
Event: 11.214 GC heap after
Heap after GC invocations=11 (full 2):
 PSYoungGen      total 275968K, used 64597K [0x00000000eab00000, 0x0000000100000000, 0x0000000100000000)
  eden space 202752K, 0% used [0x00000000eab00000,0x00000000eab00000,0x00000000f7100000)
  from space 73216K, 88% used [0x00000000f7100000,0x00000000fb0155e8,0x00000000fb880000)
  to   space 73216K, 0% used [0x00000000fb880000,0x00000000fb880000,0x0000000100000000)
 ParOldGen       total 136704K, used 136409K [0x00000000c0000000, 0x00000000c8580000, 0x00000000eab00000)
  object space 136704K, 99% used [0x00000000c0000000,0x00000000c85364f0,0x00000000c8580000)
 Metaspace       used 6465K, capacity 7192K, committed 7424K, reserved 1056768K
  class space    used 623K, capacity 656K, committed 768K, reserved 1048576K
}

