# JRE version: Java(TM) SE Runtime Environment (8.0_92-b14) (build 1.8.0_92-b14)
# Java VM: Java HotSpot(TM) 64-Bit Server VM (25.92-b14 mixed mode windows-amd64 compressed oops)
Heap:
 PSYoungGen      total 119808K, used 102848K [0x00000000eab00000, 0x00000000f3a00000, 0x0000000100000000)
  eden space 97280K, 82% used [0x00000000eab00000,0x00000000ef971238,0x00000000f0a00000)
  from space 22528K, 99% used [0x00000000f0a00000,0x00000000f1fff178,0x00000000f2000000)
  to   space 19968K, 0% used [0x00000000f2000000,0x00000000f2000000,0x00000000f3380000)
 ParOldGen       total 62976K, used 32919K [0x00000000c0000000, 0x00000000c3d80000, 0x00000000eab00000)
  object space 62976K, 52% used [0x00000000c0000000,0x00000000c2025fd0,0x00000000c3d80000)
 Metaspace       used 6526K, capacity 7224K, committed 7296K, reserved 1058816K
  class space    used 610K, capacity 624K, committed 640K, reserved 1048576K
GC Heap History (10 events):
Event: 1.170 GC heap before
{Heap before GC invocations=4 (full 1):
 PSYoungGen      total 38400K, used 38387K [0x00000000eab00000, 0x00000000ee380000, 0x0000000100000000)
  eden space 33280K, 100% used [0x00000000eab00000,0x00000000ecb80000,0x00000000ecb80000)
  from space 5120K, 99% used [0x00000000ed080000,0x00000000ed57ccf0,0x00000000ed580000)
  to   space 5120K, 0% used [0x00000000ecb80000,0x00000000ecb80000,0x00000000ed080000)
 ParOldGen       total 62976K, used 2135K [0x00000000c0000000, 0x00000000c3d80000, 0x00000000eab00000)
  object space 62976K, 3% used [0x00000000c0000000,0x00000000c0215fb8,0x00000000c3d80000)
 Metaspace       used 6217K, capacity 7090K, committed 7296K, reserved 1058816K
  class space    used 602K, capacity 618K, committed 640K, reserved 1048576K
Event: 1.182 GC heap after
Heap after GC invocations=4 (full 1):
 PSYoungGen      total 38400K, used 5088K [0x00000000eab00000, 0x00000000eeb80000, 0x0000000100000000)
  eden space 33280K, 0% used [0x00000000eab00000,0x00000000eab00000,0x00000000ecb80000)
  from space 5120K, 99% used [0x00000000ecb80000,0x00000000ed078028,0x00000000ed080000)
  to   space 5120K, 0% used [0x00000000ee680000,0x00000000ee680000,0x00000000eeb80000)
 ParOldGen       total 62976K, used 7197K [0x00000000c0000000, 0x00000000c3d80000, 0x00000000eab00000)
  object space 62976K, 11% used [0x00000000c0000000,0x00000000c07076f0,0x00000000c3d80000)
 Metaspace       used 6217K, capacity 7090K, committed 7296K, reserved 1058816K
  class space    used 602K, capacity 618K, committed 640K, reserved 1048576K
}
Event: 1.284 GC heap before
{Heap before GC invocations=5 (full 1):
 PSYoungGen      total 38400K, used 38368K [0x00000000eab00000, 0x00000000eeb80000, 0x0000000100000000)
  eden space 33280K, 100% used [0x00000000eab00000,0x00000000ecb80000,0x00000000ecb80000)
  from space 5120K, 99% used [0x00000000ecb80000,0x00000000ed078028,0x00000000ed080000)
  to   space 5120K, 0% used [0x00000000ee680000,0x00000000ee680000,0x00000000eeb80000)
 ParOldGen       total 62976K, used 7197K [0x00000000c0000000, 0x00000000c3d80000, 0x00000000eab00000)
  object space 62976K, 11% used [0x00000000c0000000,0x00000000c07076f0,0x00000000c3d80000)
 Metaspace       used 6292K, capacity 7090K, committed 7296K, reserved 1058816K
  class space    used 602K, capacity 618K, committed 640K, reserved 1048576K
Event: 1.297 GC heap after
Heap after GC invocations=5 (full 1):
 PSYoungGen      total 60928K, used 5107K [0x00000000eab00000, 0x00000000eed80000, 0x0000000100000000)
  eden space 55808K, 0% used [0x00000000eab00000,0x00000000eab00000,0x00000000ee180000)
  from space 5120K, 99% used [0x00000000ee680000,0x00000000eeb7ce08,0x00000000eeb80000)
  to   space 5120K, 0% used [0x00000000ee180000,0x00000000ee180000,0x00000000ee680000)
 ParOldGen       total 62976K, used 11025K [0x00000000c0000000, 0x00000000c3d80000, 0x00000000eab00000)
  object space 62976K, 17% used [0x00000000c0000000,0x00000000c0ac44e0,0x00000000c3d80000)
 Metaspace       used 6292K, capacity 7090K, committed 7296K, reserved 1058816K
  class space    used 602K, capacity 618K, committed 640K, reserved 1048576K
}
Event: 1.440 GC heap before
{Heap before GC invocations=6 (full 1):
 PSYoungGen      total 60928K, used 60915K [0x00000000eab00000, 0x00000000eed80000, 0x0000000100000000)
  eden space 55808K, 100% used [0x00000000eab00000,0x00000000ee180000,0x00000000ee180000)
  from space 5120K, 99% used [0x00000000ee680000,0x00000000eeb7ce08,0x00000000eeb80000)
  to   space 5120K, 0% used [0x00000000ee180000,0x00000000ee180000,0x00000000ee680000)
 ParOldGen       total 62976K, used 11025K [0x00000000c0000000, 0x00000000c3d80000, 0x00000000eab00000)
  object space 62976K, 17% used [0x00000000c0000000,0x00000000c0ac44e0,0x00000000c3d80000)
 Metaspace       used 6324K, capacity 7090K, committed 7296K, reserved 1058816K
  class space    used 602K, capacity 618K, committed 640K, reserved 1048576K
Event: 1.461 GC heap after
Heap after GC invocations=6 (full 1):
 PSYoungGen      total 60928K, used 5110K [0x00000000eab00000, 0x00000000f3380000, 0x0000000100000000)
  eden space 55808K, 0% used [0x00000000eab00000,0x00000000eab00000,0x00000000ee180000)
  from space 5120K, 99% used [0x00000000ee180000,0x00000000ee67d818,0x00000000ee680000)
  to   space 19968K, 0% used [0x00000000f2000000,0x00000000f2000000,0x00000000f3380000)
 ParOldGen       total 62976K, used 23725K [0x00000000c0000000, 0x00000000c3d80000, 0x00000000eab00000)
  object space 62976K, 37% used [0x00000000c0000000,0x00000000c172b580,0x00000000c3d80000)
 Metaspace       used 6324K, capacity 7090K, committed 7296K, reserved 1058816K
  class space    used 602K, capacity 618K, committed 640K, reserved 1048576K
}
Event: 1.601 GC heap before
{Heap before GC invocations=7 (full 1):
 PSYoungGen      total 60928K, used 60918K [0x00000000eab00000, 0x00000000f3380000, 0x0000000100000000)
  eden space 55808K, 100% used [0x00000000eab00000,0x00000000ee180000,0x00000000ee180000)
  from space 5120K, 99% used [0x00000000ee180000,0x00000000ee67d818,0x00000000ee680000)
  to   space 19968K, 0% used [0x00000000f2000000,0x00000000f2000000,0x00000000f3380000)
 ParOldGen       total 62976K, used 23725K [0x00000000c0000000, 0x00000000c3d80000, 0x00000000eab00000)
  object space 62976K, 37% used [0x00000000c0000000,0x00000000c172b580,0x00000000c3d80000)
 Metaspace       used 6374K, capacity 7154K, committed 7296K, reserved 1058816K
  class space    used 602K, capacity 618K, committed 640K, reserved 1048576K
Event: 1.620 GC heap after
Heap after GC invocations=7 (full 1):
 PSYoungGen      total 117248K, used 16826K [0x00000000eab00000, 0x00000000f3a00000, 0x0000000100000000)
  eden space 97280K, 0% used [0x00000000eab00000,0x00000000eab00000,0x00000000f0a00000)
  from space 19968K, 84% used [0x00000000f2000000,0x00000000f306e8c8,0x00000000f3380000)
  to   space 22528K, 0% used [0x00000000f0a00000,0x00000000f0a00000,0x00000000f2000000)
 ParOldGen       total 62976K, used 23733K [0x00000000c0000000, 0x00000000c3d80000, 0x00000000eab00000)
  object space 62976K, 37% used [0x00000000c0000000,0x00000000c172d580,0x00000000c3d80000)
 Metaspace       used 6374K, capacity 7154K, committed 7296K, reserved 1058816K
  class space    used 602K, capacity 618K, committed 640K, reserved 1048576K
}
Event: 1.897 GC heap before
{Heap before GC invocations=8 (full 1):
 PSYoungGen      total 117248K, used 114106K [0x00000000eab00000, 0x00000000f3a00000, 0x0000000100000000)
  eden space 97280K, 100% used [0x00000000eab00000,0x00000000f0a00000,0x00000000f0a00000)
  from space 19968K, 84% used [0x00000000f2000000,0x00000000f306e8c8,0x00000000f3380000)
  to   space 22528K, 0% used [0x00000000f0a00000,0x00000000f0a00000,0x00000000f2000000)
 ParOldGen       total 62976K, used 23733K [0x00000000c0000000, 0x00000000c3d80000, 0x00000000eab00000)
  object space 62976K, 37% used [0x00000000c0000000,0x00000000c172d580,0x00000000c3d80000)
 Metaspace       used 6416K, capacity 7154K, committed 7296K, reserved 1058816K
  class space    used 602K, capacity 618K, committed 640K, reserved 1048576K
Event: 1.966 GC heap after
Heap after GC invocations=8 (full 1):
 PSYoungGen      total 119808K, used 22524K [0x00000000eab00000, 0x00000000f3a00000, 0x0000000100000000)
  eden space 97280K, 0% used [0x00000000eab00000,0x00000000eab00000,0x00000000f0a00000)
  from space 22528K, 99% used [0x00000000f0a00000,0x00000000f1fff178,0x00000000f2000000)
  to   space 19968K, 0% used [0x00000000f2000000,0x00000000f2000000,0x00000000f3380000)
 ParOldGen       total 62976K, used 32919K [0x00000000c0000000, 0x00000000c3d80000, 0x00000000eab00000)
  object space 62976K, 52% used [0x00000000c0000000,0x00000000c2025fd0,0x00000000c3d80000)
 Metaspace       used 6416K, capacity 7154K, committed 7296K, reserved 1058816K
  class space    used 602K, capacity 618K, committed 640K, reserved 1048576K
}

