# JRE version: Java(TM) SE Runtime Environment (8.0_92-b14) (build 1.8.0_92-b14)
# Java VM: Java HotSpot(TM) 64-Bit Server VM (25.92-b14 mixed mode windows-amd64 compressed oops)
Heap:
 PSYoungGen      total 237568K, used 37243K [0x00000000eab00000, 0x00000000ff980000, 0x0000000100000000)
  eden space 135680K, 27% used [0x00000000eab00000,0x00000000ecfc8d98,0x00000000f2f80000)
  from space 101888K, 0% used [0x00000000f2f80000,0x00000000f2f80000,0x00000000f9300000)
  to   space 97280K, 0% used [0x00000000f9a80000,0x00000000f9a80000,0x00000000ff980000)
 ParOldGen       total 449024K, used 270672K [0x00000000c0000000, 0x00000000db680000, 0x00000000eab00000)
  object space 449024K, 60% used [0x00000000c0000000,0x00000000d08543b0,0x00000000db680000)
 Metaspace       used 6530K, capacity 7256K, committed 7424K, reserved 1056768K
  class space    used 626K, capacity 656K, committed 768K, reserved 1048576K
GC Heap History (10 events):
Event: 11.196 GC heap before
{Heap before GC invocations=17 (full 2):
 PSYoungGen      total 239104K, used 174568K [0x00000000eab00000, 0x0000000100000000, 0x0000000100000000)
  eden space 131072K, 100% used [0x00000000eab00000,0x00000000f2b00000,0x00000000f2b00000)
  from space 108032K, 40% used [0x00000000f8f80000,0x00000000fb9fa2e0,0x00000000ff900000)
  to   space 102912K, 0% used [0x00000000f2b00000,0x00000000f2b00000,0x00000000f8f80000)
 ParOldGen       total 272384K, used 199618K [0x00000000c0000000, 0x00000000d0a00000, 0x00000000eab00000)
  object space 272384K, 73% used [0x00000000c0000000,0x00000000cc2f08a8,0x00000000d0a00000)
 Metaspace       used 6523K, capacity 7256K, committed 7424K, reserved 1056768K
  class space    used 624K, capacity 656K, committed 768K, reserved 1048576K
Event: 11.469 GC heap after
Heap after GC invocations=17 (full 2):
 PSYoungGen      total 233984K, used 52172K [0x00000000eab00000, 0x00000000ff400000, 0x0000000100000000)
  eden space 131072K, 0% used [0x00000000eab00000,0x00000000eab00000,0x00000000f2b00000)
  from space 102912K, 50% used [0x00000000f2b00000,0x00000000f5df3010,0x00000000f8f80000)
  to   space 99328K, 0% used [0x00000000f9300000,0x00000000f9300000,0x00000000ff400000)
 ParOldGen       total 272384K, used 239884K [0x00000000c0000000, 0x00000000d0a00000, 0x00000000eab00000)
  object space 272384K, 88% used [0x00000000c0000000,0x00000000cea432d8,0x00000000d0a00000)
 Metaspace       used 6523K, capacity 7256K, committed 7424K, reserved 1056768K
  class space    used 624K, capacity 656K, committed 768K, reserved 1048576K
}
Event: 11.469 GC heap before
{Heap before GC invocations=18 (full 3):
 PSYoungGen      total 233984K, used 52172K [0x00000000eab00000, 0x00000000ff400000, 0x0000000100000000)
  eden space 131072K, 0% used [0x00000000eab00000,0x00000000eab00000,0x00000000f2b00000)
  from space 102912K, 50% used [0x00000000f2b00000,0x00000000f5df3010,0x00000000f8f80000)
  to   space 99328K, 0% used [0x00000000f9300000,0x00000000f9300000,0x00000000ff400000)
 ParOldGen       total 272384K, used 239884K [0x00000000c0000000, 0x00000000d0a00000, 0x00000000eab00000)
  object space 272384K, 88% used [0x00000000c0000000,0x00000000cea432d8,0x00000000d0a00000)
 Metaspace       used 6523K, capacity 7256K, committed 7424K, reserved 1056768K
  class space    used 624K, capacity 656K, committed 768K, reserved 1048576K
Event: 13.084 GC heap after
Heap after GC invocations=18 (full 3):
 PSYoungGen      total 233984K, used 0K [0x00000000eab00000, 0x00000000ff400000, 0x0000000100000000)
  eden space 131072K, 0% used [0x00000000eab00000,0x00000000eab00000,0x00000000f2b00000)
  from space 102912K, 0% used [0x00000000f2b00000,0x00000000f2b00000,0x00000000f8f80000)
  to   space 99328K, 0% used [0x00000000f9300000,0x00000000f9300000,0x00000000ff400000)
 ParOldGen       total 298496K, used 159973K [0x00000000c0000000, 0x00000000d2380000, 0x00000000eab00000)
  object space 298496K, 53% used [0x00000000c0000000,0x00000000c9c39780,0x00000000d2380000)
 Metaspace       used 6523K, capacity 7256K, committed 7424K, reserved 1056768K
  class space    used 624K, capacity 656K, committed 768K, reserved 1048576K
}
Event: 13.196 GC heap before
{Heap before GC invocations=19 (full 3):
 PSYoungGen      total 233984K, used 131072K [0x00000000eab00000, 0x00000000ff400000, 0x0000000100000000)
  eden space 131072K, 100% used [0x00000000eab00000,0x00000000f2b00000,0x00000000f2b00000)
  from space 102912K, 0% used [0x00000000f2b00000,0x00000000f2b00000,0x00000000f8f80000)
  to   space 99328K, 0% used [0x00000000f9300000,0x00000000f9300000,0x00000000ff400000)
 ParOldGen       total 298496K, used 159973K [0x00000000c0000000, 0x00000000d2380000, 0x00000000eab00000)
  object space 298496K, 53% used [0x00000000c0000000,0x00000000c9c39780,0x00000000d2380000)
 Metaspace       used 6523K, capacity 7256K, committed 7424K, reserved 1056768K
  class space    used 624K, capacity 656K, committed 768K, reserved 1048576K
Event: 13.220 GC heap after
Heap after GC invocations=19 (full 3):
 PSYoungGen      total 235008K, used 68298K [0x00000000eab00000, 0x0000000100000000, 0x0000000100000000)
  eden space 135680K, 0% used [0x00000000eab00000,0x00000000eab00000,0x00000000f2f80000)
  from space 99328K, 68% used [0x00000000f9300000,0x00000000fd5b2b88,0x00000000ff400000)
  to   space 101888K, 0% used [0x00000000f2f80000,0x00000000f2f80000,0x00000000f9300000)
 ParOldGen       total 298496K, used 159973K [0x00000000c0000000, 0x00000000d2380000, 0x00000000eab00000)
  object space 298496K, 53% used [0x00000000c0000000,0x00000000c9c39780,0x00000000d2380000)
 Metaspace       used 6523K, capacity 7256K, committed 7424K, reserved 1056768K
  class space    used 624K, capacity 656K, committed 768K, reserved 1048576K
}
Event: 13.389 GC heap before
{Heap before GC invocations=20 (full 3):
 PSYoungGen      total 235008K, used 203978K [0x00000000eab00000, 0x0000000100000000, 0x0000000100000000)
  eden space 135680K, 100% used [0x00000000eab00000,0x00000000f2f80000,0x00000000f2f80000)
  from space 99328K, 68% used [0x00000000f9300000,0x00000000fd5b2b88,0x00000000ff400000)
  to   space 101888K, 0% used [0x00000000f2f80000,0x00000000f2f80000,0x00000000f9300000)
 ParOldGen       total 298496K, used 159973K [0x00000000c0000000, 0x00000000d2380000, 0x00000000eab00000)
  object space 298496K, 53% used [0x00000000c0000000,0x00000000c9c39780,0x00000000d2380000)
 Metaspace       used 6523K, capacity 7256K, committed 7424K, reserved 1056768K
  class space    used 624K, capacity 656K, committed 768K, reserved 1048576K
Event: 13.455 GC heap after
Heap after GC invocations=20 (full 3):
 PSYoungGen      total 237568K, used 50838K [0x00000000eab00000, 0x00000000ff980000, 0x0000000100000000)
  eden space 135680K, 0% used [0x00000000eab00000,0x00000000eab00000,0x00000000f2f80000)
  from space 101888K, 49% used [0x00000000f2f80000,0x00000000f61258d8,0x00000000f9300000)
  to   space 97280K, 0% used [0x00000000f9a80000,0x00000000f9a80000,0x00000000ff980000)
 ParOldGen       total 298496K, used 229353K [0x00000000c0000000, 0x00000000d2380000, 0x00000000eab00000)
  object space 298496K, 76% used [0x00000000c0000000,0x00000000cdffa7e0,0x00000000d2380000)
 Metaspace       used 6523K, capacity 7256K, committed 7424K, reserved 1056768K
  class space    used 624K, capacity 656K, committed 768K, reserved 1048576K
}
Event: 13.455 GC heap before
{Heap before GC invocations=21 (full 4):
 PSYoungGen      total 237568K, used 50838K [0x00000000eab00000, 0x00000000ff980000, 0x0000000100000000)
  eden space 135680K, 0% used [0x00000000eab00000,0x00000000eab00000,0x00000000f2f80000)
  from space 101888K, 49% used [0x00000000f2f80000,0x00000000f61258d8,0x00000000f9300000)
  to   space 97280K, 0% used [0x00000000f9a80000,0x00000000f9a80000,0x00000000ff980000)
 ParOldGen       total 298496K, used 229353K [0x00000000c0000000, 0x00000000d2380000, 0x00000000eab00000)
  object space 298496K, 76% used [0x00000000c0000000,0x00000000cdffa7e0,0x00000000d2380000)
 Metaspace       used 6523K, capacity 7256K, committed 7424K, reserved 1056768K
  class space    used 624K, capacity 656K, committed 768K, reserved 1048576K
Event: 13.853 GC heap after
Heap after GC invocations=21 (full 4):
 PSYoungGen      total 237568K, used 0K [0x00000000eab00000, 0x00000000ff980000, 0x0000000100000000)
  eden space 135680K, 0% used [0x00000000eab00000,0x00000000eab00000,0x00000000f2f80000)
  from space 101888K, 0% used [0x00000000f2f80000,0x00000000f2f80000,0x00000000f9300000)
  to   space 97280K, 0% used [0x00000000f9a80000,0x00000000f9a80000,0x00000000ff980000)
 ParOldGen       total 449024K, used 270672K [0x00000000c0000000, 0x00000000db680000, 0x00000000eab00000)
  object space 449024K, 60% used [0x00000000c0000000,0x00000000d08543b0,0x00000000db680000)
 Metaspace       used 6523K, capacity 7256K, committed 7424K, reserved 1056768K
  class space    used 624K, capacity 656K, committed 768K, reserved 1048576K
}

