# JRE version: Java(TM) SE Runtime Environment (8.0_92-b14) (build 1.8.0_92-b14)
# Java VM: Java HotSpot(TM) 64-Bit Server VM (25.92-b14 mixed mode windows-amd64 compressed oops)
Heap:
 PSYoungGen      total 109056K, used 98359K [0x00000000eab00000, 0x00000000f6500000, 0x0000000100000000)
  eden space 36864K, 100% used [0x00000000eab00000,0x00000000ecf00000,0x00000000ecf00000)
  from space 72192K, 85% used [0x00000000ecf00000,0x00000000f0b0df38,0x00000000f1580000)
  to   space 62976K, 47% used [0x00000000f1580000,0x00000000f3273da8,0x00000000f5300000)
 ParOldGen       total 277504K, used 223983K [0x00000000c0000000, 0x00000000d0f00000, 0x00000000eab00000)
  object space 277504K, 80% used [0x00000000c0000000,0x00000000cdabbf50,0x00000000d0f00000)
 Metaspace       used 6523K, capacity 7256K, committed 7424K, reserved 1056768K
  class space    used 625K, capacity 656K, committed 768K, reserved 1048576K
GC Heap History (10 events):
Event: 7.538 GC heap after
Heap after GC invocations=43 (full 6):
 PSYoungGen      total 109056K, used 7283K [0x00000000eab00000, 0x00000000f6500000, 0x0000000100000000)
  eden space 36864K, 0% used [0x00000000eab00000,0x00000000eab00000,0x00000000ecf00000)
  from space 72192K, 10% used [0x00000000ecf00000,0x00000000ed61cd50,0x00000000f1580000)
  to   space 62976K, 0% used [0x00000000f1580000,0x00000000f1580000,0x00000000f5300000)
 ParOldGen       total 277504K, used 223983K [0x00000000c0000000, 0x00000000d0f00000, 0x00000000eab00000)
  object space 277504K, 80% used [0x00000000c0000000,0x00000000cdabbf50,0x00000000d0f00000)
 Metaspace       used 6512K, capacity 7256K, committed 7424K, reserved 1056768K
  class space    used 623K, capacity 656K, committed 768K, reserved 1048576K
}
Event: 7.620 GC heap before
{Heap before GC invocations=44 (full 6):
 PSYoungGen      total 109056K, used 44147K [0x00000000eab00000, 0x00000000f6500000, 0x0000000100000000)
  eden space 36864K, 100% used [0x00000000eab00000,0x00000000ecf00000,0x00000000ecf00000)
  from space 72192K, 10% used [0x00000000ecf00000,0x00000000ed61cd50,0x00000000f1580000)
  to   space 62976K, 0% used [0x00000000f1580000,0x00000000f1580000,0x00000000f5300000)
 ParOldGen       total 277504K, used 223983K [0x00000000c0000000, 0x00000000d0f00000, 0x00000000eab00000)
  object space 277504K, 80% used [0x00000000c0000000,0x00000000cdabbf50,0x00000000d0f00000)
 Metaspace       used 6512K, capacity 7256K, committed 7424K, reserved 1056768K
  class space    used 623K, capacity 656K, committed 768K, reserved 1048576K
Event: 7.648 GC heap after
Heap after GC invocations=44 (full 6):
 PSYoungGen      total 99840K, used 17964K [0x00000000eab00000, 0x00000000f6500000, 0x0000000100000000)
  eden space 36864K, 0% used [0x00000000eab00000,0x00000000eab00000,0x00000000ecf00000)
  from space 62976K, 28% used [0x00000000f1580000,0x00000000f270b158,0x00000000f5300000)
  to   space 72192K, 0% used [0x00000000ecf00000,0x00000000ecf00000,0x00000000f1580000)
 ParOldGen       total 277504K, used 223983K [0x00000000c0000000, 0x00000000d0f00000, 0x00000000eab00000)
  object space 277504K, 80% used [0x00000000c0000000,0x00000000cdabbf50,0x00000000d0f00000)
 Metaspace       used 6512K, capacity 7256K, committed 7424K, reserved 1056768K
  class space    used 623K, capacity 656K, committed 768K, reserved 1048576K
}
Event: 7.738 GC heap before
{Heap before GC invocations=45 (full 6):
 PSYoungGen      total 99840K, used 54828K [0x00000000eab00000, 0x00000000f6500000, 0x0000000100000000)
  eden space 36864K, 100% used [0x00000000eab00000,0x00000000ecf00000,0x00000000ecf00000)
  from space 62976K, 28% used [0x00000000f1580000,0x00000000f270b158,0x00000000f5300000)
  to   space 72192K, 0% used [0x00000000ecf00000,0x00000000ecf00000,0x00000000f1580000)
 ParOldGen       total 277504K, used 223983K [0x00000000c0000000, 0x00000000d0f00000, 0x00000000eab00000)
  object space 277504K, 80% used [0x00000000c0000000,0x00000000cdabbf50,0x00000000d0f00000)
 Metaspace       used 6516K, capacity 7256K, committed 7424K, reserved 1056768K
  class space    used 623K, capacity 656K, committed 768K, reserved 1048576K
Event: 7.760 GC heap after
Heap after GC invocations=45 (full 6):
 PSYoungGen      total 109056K, used 28907K [0x00000000eab00000, 0x00000000f6500000, 0x0000000100000000)
  eden space 36864K, 0% used [0x00000000eab00000,0x00000000eab00000,0x00000000ecf00000)
  from space 72192K, 40% used [0x00000000ecf00000,0x00000000eeb3aca8,0x00000000f1580000)
  to   space 62976K, 0% used [0x00000000f1580000,0x00000000f1580000,0x00000000f5300000)
 ParOldGen       total 277504K, used 223983K [0x00000000c0000000, 0x00000000d0f00000, 0x00000000eab00000)
  object space 277504K, 80% used [0x00000000c0000000,0x00000000cdabbf50,0x00000000d0f00000)
 Metaspace       used 6516K, capacity 7256K, committed 7424K, reserved 1056768K
  class space    used 623K, capacity 656K, committed 768K, reserved 1048576K
}
Event: 7.856 GC heap before
{Heap before GC invocations=46 (full 6):
 PSYoungGen      total 109056K, used 65771K [0x00000000eab00000, 0x00000000f6500000, 0x0000000100000000)
  eden space 36864K, 100% used [0x00000000eab00000,0x00000000ecf00000,0x00000000ecf00000)
  from space 72192K, 40% used [0x00000000ecf00000,0x00000000eeb3aca8,0x00000000f1580000)
  to   space 62976K, 0% used [0x00000000f1580000,0x00000000f1580000,0x00000000f5300000)
 ParOldGen       total 277504K, used 223983K [0x00000000c0000000, 0x00000000d0f00000, 0x00000000eab00000)
  object space 277504K, 80% used [0x00000000c0000000,0x00000000cdabbf50,0x00000000d0f00000)
 Metaspace       used 6517K, capacity 7256K, committed 7424K, reserved 1056768K
  class space    used 623K, capacity 656K, committed 768K, reserved 1048576K
Event: 7.908 GC heap after
Heap after GC invocations=46 (full 6):
 PSYoungGen      total 99840K, used 39565K [0x00000000eab00000, 0x00000000f6500000, 0x0000000100000000)
  eden space 36864K, 0% used [0x00000000eab00000,0x00000000eab00000,0x00000000ecf00000)
  from space 62976K, 62% used [0x00000000f1580000,0x00000000f3c23638,0x00000000f5300000)
  to   space 72192K, 0% used [0x00000000ecf00000,0x00000000ecf00000,0x00000000f1580000)
 ParOldGen       total 277504K, used 223983K [0x00000000c0000000, 0x00000000d0f00000, 0x00000000eab00000)
  object space 277504K, 80% used [0x00000000c0000000,0x00000000cdabbf50,0x00000000d0f00000)
 Metaspace       used 6517K, capacity 7256K, committed 7424K, reserved 1056768K
  class space    used 623K, capacity 656K, committed 768K, reserved 1048576K
}
Event: 7.937 GC heap before
{Heap before GC invocations=47 (full 6):
 PSYoungGen      total 99840K, used 76429K [0x00000000eab00000, 0x00000000f6500000, 0x0000000100000000)
  eden space 36864K, 100% used [0x00000000eab00000,0x00000000ecf00000,0x00000000ecf00000)
  from space 62976K, 62% used [0x00000000f1580000,0x00000000f3c23638,0x00000000f5300000)
  to   space 72192K, 0% used [0x00000000ecf00000,0x00000000ecf00000,0x00000000f1580000)
 ParOldGen       total 277504K, used 223983K [0x00000000c0000000, 0x00000000d0f00000, 0x00000000eab00000)
  object space 277504K, 80% used [0x00000000c0000000,0x00000000cdabbf50,0x00000000d0f00000)
 Metaspace       used 6517K, capacity 7256K, committed 7424K, reserved 1056768K
  class space    used 623K, capacity 656K, committed 768K, reserved 1048576K
Event: 7.973 GC heap after
Heap after GC invocations=47 (full 6):
 PSYoungGen      total 109056K, used 61495K [0x00000000eab00000, 0x00000000f6500000, 0x0000000100000000)
  eden space 36864K, 0% used [0x00000000eab00000,0x00000000eab00000,0x00000000ecf00000)
  from space 72192K, 85% used [0x00000000ecf00000,0x00000000f0b0df38,0x00000000f1580000)
  to   space 62976K, 0% used [0x00000000f1580000,0x00000000f1580000,0x00000000f5300000)
 ParOldGen       total 277504K, used 223983K [0x00000000c0000000, 0x00000000d0f00000, 0x00000000eab00000)
  object space 277504K, 80% used [0x00000000c0000000,0x00000000cdabbf50,0x00000000d0f00000)
 Metaspace       used 6517K, capacity 7256K, committed 7424K, reserved 1056768K
  class space    used 623K, capacity 656K, committed 768K, reserved 1048576K
}
Event: 7.993 GC heap before
{Heap before GC invocations=48 (full 6):
 PSYoungGen      total 109056K, used 98359K [0x00000000eab00000, 0x00000000f6500000, 0x0000000100000000)
  eden space 36864K, 100% used [0x00000000eab00000,0x00000000ecf00000,0x00000000ecf00000)
  from space 72192K, 85% used [0x00000000ecf00000,0x00000000f0b0df38,0x00000000f1580000)
  to   space 62976K, 0% used [0x00000000f1580000,0x00000000f1580000,0x00000000f5300000)
 ParOldGen       total 277504K, used 223983K [0x00000000c0000000, 0x00000000d0f00000, 0x00000000eab00000)
  object space 277504K, 80% used [0x00000000c0000000,0x00000000cdabbf50,0x00000000d0f00000)
 Metaspace       used 6523K, capacity 7256K, committed 7424K, reserved 1056768K
  class space    used 625K, capacity 656K, committed 768K, reserved 1048576K

