# JRE version: Java(TM) SE Runtime Environment (8.0_92-b14) (build 1.8.0_92-b14)
# Java VM: Java HotSpot(TM) 64-Bit Server VM (25.92-b14 mixed mode windows-amd64 compressed oops)
Heap:
 PSYoungGen      total 232960K, used 62552K [0x00000000eab00000, 0x0000000100000000, 0x0000000100000000)
  eden space 116736K, 19% used [0x00000000eab00000,0x00000000ec0cd7b8,0x00000000f1d00000)
  from space 116224K, 34% used [0x00000000f1d00000,0x00000000f4448a78,0x00000000f8e80000)
  to   space 116224K, 0% used [0x00000000f8e80000,0x00000000f8e80000,0x0000000100000000)
 ParOldGen       total 409600K, used 260787K [0x00000000c0000000, 0x00000000d9000000, 0x00000000eab00000)
  object space 409600K, 63% used [0x00000000c0000000,0x00000000cfeacc78,0x00000000d9000000)
 Metaspace       used 6542K, capacity 7256K, committed 7424K, reserved 1056768K
  class space    used 624K, capacity 656K, committed 768K, reserved 1048576K
GC Heap History (10 events):
Event: 6.848 GC heap before
{Heap before GC invocations=12 (full 2):
 PSYoungGen      total 232960K, used 176790K [0x00000000eab00000, 0x0000000100000000, 0x0000000100000000)
  eden space 116736K, 100% used [0x00000000eab00000,0x00000000f1d00000,0x00000000f1d00000)
  from space 116224K, 51% used [0x00000000f1d00000,0x00000000f57a5b98,0x00000000f8e80000)
  to   space 116224K, 0% used [0x00000000f8e80000,0x00000000f8e80000,0x0000000100000000)
 ParOldGen       total 220672K, used 86520K [0x00000000c0000000, 0x00000000cd780000, 0x00000000eab00000)
  object space 220672K, 39% used [0x00000000c0000000,0x00000000c547e0b8,0x00000000cd780000)
 Metaspace       used 6537K, capacity 7256K, committed 7424K, reserved 1056768K
  class space    used 623K, capacity 656K, committed 768K, reserved 1048576K
Event: 6.899 GC heap after
Heap after GC invocations=12 (full 2):
 PSYoungGen      total 232960K, used 116206K [0x00000000eab00000, 0x0000000100000000, 0x0000000100000000)
  eden space 116736K, 0% used [0x00000000eab00000,0x00000000eab00000,0x00000000f1d00000)
  from space 116224K, 99% used [0x00000000f8e80000,0x00000000ffffb900,0x0000000100000000)
  to   space 116224K, 0% used [0x00000000f1d00000,0x00000000f1d00000,0x00000000f8e80000)
 ParOldGen       total 220672K, used 89856K [0x00000000c0000000, 0x00000000cd780000, 0x00000000eab00000)
  object space 220672K, 40% used [0x00000000c0000000,0x00000000c57c00b8,0x00000000cd780000)
 Metaspace       used 6537K, capacity 7256K, committed 7424K, reserved 1056768K
  class space    used 623K, capacity 656K, committed 768K, reserved 1048576K
}
Event: 6.981 GC heap before
{Heap before GC invocations=13 (full 2):
 PSYoungGen      total 232960K, used 232942K [0x00000000eab00000, 0x0000000100000000, 0x0000000100000000)
  eden space 116736K, 100% used [0x00000000eab00000,0x00000000f1d00000,0x00000000f1d00000)
  from space 116224K, 99% used [0x00000000f8e80000,0x00000000ffffb900,0x0000000100000000)
  to   space 116224K, 0% used [0x00000000f1d00000,0x00000000f1d00000,0x00000000f8e80000)
 ParOldGen       total 220672K, used 89856K [0x00000000c0000000, 0x00000000cd780000, 0x00000000eab00000)
  object space 220672K, 40% used [0x00000000c0000000,0x00000000c57c00b8,0x00000000cd780000)
 Metaspace       used 6537K, capacity 7256K, committed 7424K, reserved 1056768K
  class space    used 623K, capacity 656K, committed 768K, reserved 1048576K
Event: 7.050 GC heap after
Heap after GC invocations=13 (full 2):
 PSYoungGen      total 232960K, used 44160K [0x00000000eab00000, 0x0000000100000000, 0x0000000100000000)
  eden space 116736K, 0% used [0x00000000eab00000,0x00000000eab00000,0x00000000f1d00000)
  from space 116224K, 37% used [0x00000000f1d00000,0x00000000f4820260,0x00000000f8e80000)
  to   space 116224K, 0% used [0x00000000f8e80000,0x00000000f8e80000,0x0000000100000000)
 ParOldGen       total 220672K, used 208115K [0x00000000c0000000, 0x00000000cd780000, 0x00000000eab00000)
  object space 220672K, 94% used [0x00000000c0000000,0x00000000ccb3ce10,0x00000000cd780000)
 Metaspace       used 6537K, capacity 7256K, committed 7424K, reserved 1056768K
  class space    used 623K, capacity 656K, committed 768K, reserved 1048576K
}
Event: 7.050 GC heap before
{Heap before GC invocations=14 (full 3):
 PSYoungGen      total 232960K, used 44160K [0x00000000eab00000, 0x0000000100000000, 0x0000000100000000)
  eden space 116736K, 0% used [0x00000000eab00000,0x00000000eab00000,0x00000000f1d00000)
  from space 116224K, 37% used [0x00000000f1d00000,0x00000000f4820260,0x00000000f8e80000)
  to   space 116224K, 0% used [0x00000000f8e80000,0x00000000f8e80000,0x0000000100000000)
 ParOldGen       total 220672K, used 208115K [0x00000000c0000000, 0x00000000cd780000, 0x00000000eab00000)
  object space 220672K, 94% used [0x00000000c0000000,0x00000000ccb3ce10,0x00000000cd780000)
 Metaspace       used 6537K, capacity 7256K, committed 7424K, reserved 1056768K
  class space    used 623K, capacity 656K, committed 768K, reserved 1048576K
Event: 8.039 GC heap after
Heap after GC invocations=14 (full 3):
 PSYoungGen      total 232960K, used 17872K [0x00000000eab00000, 0x0000000100000000, 0x0000000100000000)
  eden space 116736K, 0% used [0x00000000eab00000,0x00000000eab00000,0x00000000f1d00000)
  from space 116224K, 15% used [0x00000000f1d00000,0x00000000f2e74288,0x00000000f8e80000)
  to   space 116224K, 0% used [0x00000000f8e80000,0x00000000f8e80000,0x0000000100000000)
 ParOldGen       total 409600K, used 220213K [0x00000000c0000000, 0x00000000d9000000, 0x00000000eab00000)
  object space 409600K, 53% used [0x00000000c0000000,0x00000000cd70d7d0,0x00000000d9000000)
 Metaspace       used 6537K, capacity 7256K, committed 7424K, reserved 1056768K
  class space    used 623K, capacity 656K, committed 768K, reserved 1048576K
}
Event: 8.482 GC heap before
{Heap before GC invocations=15 (full 3):
 PSYoungGen      total 232960K, used 134608K [0x00000000eab00000, 0x0000000100000000, 0x0000000100000000)
  eden space 116736K, 100% used [0x00000000eab00000,0x00000000f1d00000,0x00000000f1d00000)
  from space 116224K, 15% used [0x00000000f1d00000,0x00000000f2e74288,0x00000000f8e80000)
  to   space 116224K, 0% used [0x00000000f8e80000,0x00000000f8e80000,0x0000000100000000)
 ParOldGen       total 409600K, used 220213K [0x00000000c0000000, 0x00000000d9000000, 0x00000000eab00000)
  object space 409600K, 53% used [0x00000000c0000000,0x00000000cd70d7d0,0x00000000d9000000)
 Metaspace       used 6540K, capacity 7256K, committed 7424K, reserved 1056768K
  class space    used 623K, capacity 656K, committed 768K, reserved 1048576K
Event: 8.585 GC heap after
Heap after GC invocations=15 (full 3):
 PSYoungGen      total 232960K, used 25991K [0x00000000eab00000, 0x0000000100000000, 0x0000000100000000)
  eden space 116736K, 0% used [0x00000000eab00000,0x00000000eab00000,0x00000000f1d00000)
  from space 116224K, 22% used [0x00000000f8e80000,0x00000000fa7e1e18,0x0000000100000000)
  to   space 116224K, 0% used [0x00000000f1d00000,0x00000000f1d00000,0x00000000f8e80000)
 ParOldGen       total 409600K, used 238882K [0x00000000c0000000, 0x00000000d9000000, 0x00000000eab00000)
  object space 409600K, 58% used [0x00000000c0000000,0x00000000ce948b88,0x00000000d9000000)
 Metaspace       used 6540K, capacity 7256K, committed 7424K, reserved 1056768K
  class space    used 623K, capacity 656K, committed 768K, reserved 1048576K
}
Event: 9.801 GC heap before
{Heap before GC invocations=16 (full 3):
 PSYoungGen      total 232960K, used 142727K [0x00000000eab00000, 0x0000000100000000, 0x0000000100000000)
  eden space 116736K, 100% used [0x00000000eab00000,0x00000000f1d00000,0x00000000f1d00000)
  from space 116224K, 22% used [0x00000000f8e80000,0x00000000fa7e1e18,0x0000000100000000)
  to   space 116224K, 0% used [0x00000000f1d00000,0x00000000f1d00000,0x00000000f8e80000)
 ParOldGen       total 409600K, used 238882K [0x00000000c0000000, 0x00000000d9000000, 0x00000000eab00000)
  object space 409600K, 58% used [0x00000000c0000000,0x00000000ce948b88,0x00000000d9000000)
 Metaspace       used 6540K, capacity 7256K, committed 7424K, reserved 1056768K
  class space    used 623K, capacity 656K, committed 768K, reserved 1048576K
Event: 10.231 GC heap after
Heap after GC invocations=16 (full 3):
 PSYoungGen      total 232960K, used 40226K [0x00000000eab00000, 0x0000000100000000, 0x0000000100000000)
  eden space 116736K, 0% used [0x00000000eab00000,0x00000000eab00000,0x00000000f1d00000)
  from space 116224K, 34% used [0x00000000f1d00000,0x00000000f4448a78,0x00000000f8e80000)
  to   space 116224K, 0% used [0x00000000f8e80000,0x00000000f8e80000,0x0000000100000000)
 ParOldGen       total 409600K, used 260787K [0x00000000c0000000, 0x00000000d9000000, 0x00000000eab00000)
  object space 409600K, 63% used [0x00000000c0000000,0x00000000cfeacc78,0x00000000d9000000)
 Metaspace       used 6540K, capacity 7256K, committed 7424K, reserved 1056768K
  class space    used 623K, capacity 656K, committed 768K, reserved 1048576K
}

