# JRE version: Java(TM) SE Runtime Environment (8.0_92-b14) (build 1.8.0_92-b14)
# Java VM: Java HotSpot(TM) 64-Bit Server VM (25.92-b14 mixed mode windows-amd64 compressed oops)
Heap:
 PSYoungGen      total 65536K, used 26983K [0x00000000eab00000, 0x00000000f3980000, 0x0000000100000000)
  eden space 60416K, 36% used [0x00000000eab00000,0x00000000ec05a438,0x00000000ee600000)
  from space 5120K, 99% used [0x00000000ee600000,0x00000000eeaff938,0x00000000eeb00000)
  to   space 15872K, 0% used [0x00000000f2a00000,0x00000000f2a00000,0x00000000f3980000)
 ParOldGen       total 46592K, used 20786K [0x00000000c0000000, 0x00000000c2d80000, 0x00000000eab00000)
  object space 46592K, 44% used [0x00000000c0000000,0x00000000c144cb18,0x00000000c2d80000)
 Metaspace       used 6382K, capacity 7192K, committed 7424K, reserved 1058816K
  class space    used 625K, capacity 656K, committed 768K, reserved 1048576K
GC Heap History (10 events):
Event: 0.790 GC heap before
{Heap before GC invocations=2 (full 1):
 PSYoungGen      total 38400K, used 3456K [0x00000000eab00000, 0x00000000ed580000, 0x0000000100000000)
  eden space 33280K, 0% used [0x00000000eab00000,0x00000000eab00000,0x00000000ecb80000)
  from space 5120K, 67% used [0x00000000ecb80000,0x00000000ecee0368,0x00000000ed080000)
  to   space 5120K, 0% used [0x00000000ed080000,0x00000000ed080000,0x00000000ed580000)
 ParOldGen       total 87552K, used 0K [0x00000000c0000000, 0x00000000c5580000, 0x00000000eab00000)
  object space 87552K, 0% used [0x00000000c0000000,0x00000000c0000000,0x00000000c5580000)
 Metaspace       used 5531K, capacity 6450K, committed 6528K, reserved 1060864K
  class space    used 598K, capacity 618K, committed 640K, reserved 1048576K
Event: 0.799 GC heap after
Heap after GC invocations=2 (full 1):
 PSYoungGen      total 38400K, used 0K [0x00000000eab00000, 0x00000000ed580000, 0x0000000100000000)
  eden space 33280K, 0% used [0x00000000eab00000,0x00000000eab00000,0x00000000ecb80000)
  from space 5120K, 0% used [0x00000000ecb80000,0x00000000ecb80000,0x00000000ed080000)
  to   space 5120K, 0% used [0x00000000ed080000,0x00000000ed080000,0x00000000ed580000)
 ParOldGen       total 46592K, used 3261K [0x00000000c0000000, 0x00000000c2d80000, 0x00000000eab00000)
  object space 46592K, 7% used [0x00000000c0000000,0x00000000c032f7d8,0x00000000c2d80000)
 Metaspace       used 5531K, capacity 6450K, committed 6528K, reserved 1058816K
  class space    used 598K, capacity 618K, committed 640K, reserved 1048576K
}
Event: 1.057 GC heap before
{Heap before GC invocations=3 (full 1):
 PSYoungGen      total 38400K, used 33280K [0x00000000eab00000, 0x00000000ed580000, 0x0000000100000000)
  eden space 33280K, 100% used [0x00000000eab00000,0x00000000ecb80000,0x00000000ecb80000)
  from space 5120K, 0% used [0x00000000ecb80000,0x00000000ecb80000,0x00000000ed080000)
  to   space 5120K, 0% used [0x00000000ed080000,0x00000000ed080000,0x00000000ed580000)
 ParOldGen       total 46592K, used 3261K [0x00000000c0000000, 0x00000000c2d80000, 0x00000000eab00000)
  object space 46592K, 7% used [0x00000000c0000000,0x00000000c032f7d8,0x00000000c2d80000)
 Metaspace       used 6080K, capacity 6962K, committed 7040K, reserved 1058816K
  class space    used 601K, capacity 618K, committed 640K, reserved 1048576K
Event: 1.070 GC heap after
Heap after GC invocations=3 (full 1):
 PSYoungGen      total 38400K, used 5073K [0x00000000eab00000, 0x00000000eee80000, 0x0000000100000000)
  eden space 33280K, 0% used [0x00000000eab00000,0x00000000eab00000,0x00000000ecb80000)
  from space 5120K, 99% used [0x00000000ed080000,0x00000000ed574670,0x00000000ed580000)
  to   space 5120K, 0% used [0x00000000ecb80000,0x00000000ecb80000,0x00000000ed080000)
 ParOldGen       total 46592K, used 3269K [0x00000000c0000000, 0x00000000c2d80000, 0x00000000eab00000)
  object space 46592K, 7% used [0x00000000c0000000,0x00000000c03317d8,0x00000000c2d80000)
 Metaspace       used 6080K, capacity 6962K, committed 7040K, reserved 1058816K
  class space    used 601K, capacity 618K, committed 640K, reserved 1048576K
}
Event: 1.181 GC heap before
{Heap before GC invocations=4 (full 1):
 PSYoungGen      total 38400K, used 38353K [0x00000000eab00000, 0x00000000eee80000, 0x0000000100000000)
  eden space 33280K, 100% used [0x00000000eab00000,0x00000000ecb80000,0x00000000ecb80000)
  from space 5120K, 99% used [0x00000000ed080000,0x00000000ed574670,0x00000000ed580000)
  to   space 5120K, 0% used [0x00000000ecb80000,0x00000000ecb80000,0x00000000ed080000)
 ParOldGen       total 46592K, used 3269K [0x00000000c0000000, 0x00000000c2d80000, 0x00000000eab00000)
  object space 46592K, 7% used [0x00000000c0000000,0x00000000c03317d8,0x00000000c2d80000)
 Metaspace       used 6175K, capacity 7026K, committed 7296K, reserved 1058816K
  class space    used 604K, capacity 618K, committed 640K, reserved 1048576K
Event: 1.190 GC heap after
Heap after GC invocations=4 (full 1):
 PSYoungGen      total 38400K, used 5096K [0x00000000eab00000, 0x00000000ef000000, 0x0000000100000000)
  eden space 33280K, 0% used [0x00000000eab00000,0x00000000eab00000,0x00000000ecb80000)
  from space 5120K, 99% used [0x00000000ecb80000,0x00000000ed07a008,0x00000000ed080000)
  to   space 5120K, 0% used [0x00000000eeb00000,0x00000000eeb00000,0x00000000ef000000)
 ParOldGen       total 46592K, used 7752K [0x00000000c0000000, 0x00000000c2d80000, 0x00000000eab00000)
  object space 46592K, 16% used [0x00000000c0000000,0x00000000c0792000,0x00000000c2d80000)
 Metaspace       used 6175K, capacity 7026K, committed 7296K, reserved 1058816K
  class space    used 604K, capacity 618K, committed 640K, reserved 1048576K
}
Event: 1.308 GC heap before
{Heap before GC invocations=5 (full 1):
 PSYoungGen      total 38400K, used 38376K [0x00000000eab00000, 0x00000000ef000000, 0x0000000100000000)
  eden space 33280K, 100% used [0x00000000eab00000,0x00000000ecb80000,0x00000000ecb80000)
  from space 5120K, 99% used [0x00000000ecb80000,0x00000000ed07a008,0x00000000ed080000)
  to   space 5120K, 0% used [0x00000000eeb00000,0x00000000eeb00000,0x00000000ef000000)
 ParOldGen       total 46592K, used 7752K [0x00000000c0000000, 0x00000000c2d80000, 0x00000000eab00000)
  object space 46592K, 16% used [0x00000000c0000000,0x00000000c0792000,0x00000000c2d80000)
 Metaspace       used 6325K, capacity 7128K, committed 7424K, reserved 1058816K
  class space    used 625K, capacity 656K, committed 768K, reserved 1048576K
Event: 1.321 GC heap after
Heap after GC invocations=5 (full 1):
 PSYoungGen      total 65536K, used 5119K [0x00000000eab00000, 0x00000000ef100000, 0x0000000100000000)
  eden space 60416K, 0% used [0x00000000eab00000,0x00000000eab00000,0x00000000ee600000)
  from space 5120K, 99% used [0x00000000eeb00000,0x00000000eefffdf8,0x00000000ef000000)
  to   space 5120K, 0% used [0x00000000ee600000,0x00000000ee600000,0x00000000eeb00000)
 ParOldGen       total 46592K, used 11859K [0x00000000c0000000, 0x00000000c2d80000, 0x00000000eab00000)
  object space 46592K, 25% used [0x00000000c0000000,0x00000000c0b94cc0,0x00000000c2d80000)
 Metaspace       used 6325K, capacity 7128K, committed 7424K, reserved 1058816K
  class space    used 625K, capacity 656K, committed 768K, reserved 1048576K
}
Event: 1.493 GC heap before
{Heap before GC invocations=6 (full 1):
 PSYoungGen      total 65536K, used 65535K [0x00000000eab00000, 0x00000000ef100000, 0x0000000100000000)
  eden space 60416K, 100% used [0x00000000eab00000,0x00000000ee600000,0x00000000ee600000)
  from space 5120K, 99% used [0x00000000eeb00000,0x00000000eefffdf8,0x00000000ef000000)
  to   space 5120K, 0% used [0x00000000ee600000,0x00000000ee600000,0x00000000eeb00000)
 ParOldGen       total 46592K, used 11859K [0x00000000c0000000, 0x00000000c2d80000, 0x00000000eab00000)
  object space 46592K, 25% used [0x00000000c0000000,0x00000000c0b94cc0,0x00000000c2d80000)
 Metaspace       used 6381K, capacity 7192K, committed 7424K, reserved 1058816K
  class space    used 625K, capacity 656K, committed 768K, reserved 1048576K
Event: 1.528 GC heap after
Heap after GC invocations=6 (full 1):
 PSYoungGen      total 65536K, used 5118K [0x00000000eab00000, 0x00000000f3980000, 0x0000000100000000)
  eden space 60416K, 0% used [0x00000000eab00000,0x00000000eab00000,0x00000000ee600000)
  from space 5120K, 99% used [0x00000000ee600000,0x00000000eeaff938,0x00000000eeb00000)
  to   space 15872K, 0% used [0x00000000f2a00000,0x00000000f2a00000,0x00000000f3980000)
 ParOldGen       total 46592K, used 20786K [0x00000000c0000000, 0x00000000c2d80000, 0x00000000eab00000)
  object space 46592K, 44% used [0x00000000c0000000,0x00000000c144cb18,0x00000000c2d80000)
 Metaspace       used 6381K, capacity 7192K, committed 7424K, reserved 1058816K
  class space    used 625K, capacity 656K, committed 768K, reserved 1048576K
}

