# JRE version: Java(TM) SE Runtime Environment (8.0_92-b14) (build 1.8.0_92-b14)
# Java VM: Java HotSpot(TM) 64-Bit Server VM (25.92-b14 mixed mode windows-amd64 compressed oops)
Heap:
 PSYoungGen      total 232960K, used 92287K [0x00000000eab00000, 0x0000000100000000, 0x0000000100000000)
  eden space 116736K, 22% used [0x00000000eab00000,0x00000000ec4db390,0x00000000f1d00000)
  from space 116224K, 56% used [0x00000000f8e80000,0x00000000fcec4b68,0x0000000100000000)
  to   space 116224K, 0% used [0x00000000f1d00000,0x00000000f1d00000,0x00000000f8e80000)
 ParOldGen       total 262656K, used 119237K [0x00000000c0000000, 0x00000000d0080000, 0x00000000eab00000)
  object space 262656K, 45% used [0x00000000c0000000,0x00000000c7471518,0x00000000d0080000)
 Metaspace       used 6455K, capacity 7192K, committed 7424K, reserved 1056768K
  class space    used 623K, capacity 656K, committed 768K, reserved 1048576K
GC Heap History (10 events):
Event: 7.564 GC heap before
{Heap before GC invocations=11 (full 2):
 PSYoungGen      total 211968K, used 203394K [0x00000000eab00000, 0x0000000100000000, 0x0000000100000000)
  eden space 148480K, 100% used [0x00000000eab00000,0x00000000f3c00000,0x00000000f3c00000)
  from space 63488K, 86% used [0x00000000fa200000,0x00000000fd7a0960,0x00000000fe000000)
  to   space 100352K, 0% used [0x00000000f3c00000,0x00000000f3c00000,0x00000000f9e00000)
 ParOldGen       total 262656K, used 148611K [0x00000000c0000000, 0x00000000d0080000, 0x00000000eab00000)
  object space 262656K, 56% used [0x00000000c0000000,0x00000000c9120df8,0x00000000d0080000)
 Metaspace       used 6387K, capacity 7128K, committed 7424K, reserved 1056768K
  class space    used 623K, capacity 656K, committed 768K, reserved 1048576K
Event: 7.631 GC heap after
Heap after GC invocations=11 (full 2):
 PSYoungGen      total 229376K, used 80691K [0x00000000eab00000, 0x0000000100000000, 0x0000000100000000)
  eden space 148480K, 0% used [0x00000000eab00000,0x00000000eab00000,0x00000000f3c00000)
  from space 80896K, 99% used [0x00000000f3c00000,0x00000000f8accca8,0x00000000f8b00000)
  to   space 111104K, 0% used [0x00000000f9380000,0x00000000f9380000,0x0000000100000000)
 ParOldGen       total 262656K, used 148611K [0x00000000c0000000, 0x00000000d0080000, 0x00000000eab00000)
  object space 262656K, 56% used [0x00000000c0000000,0x00000000c9120df8,0x00000000d0080000)
 Metaspace       used 6387K, capacity 7128K, committed 7424K, reserved 1056768K
  class space    used 623K, capacity 656K, committed 768K, reserved 1048576K
}
Event: 7.889 GC heap before
{Heap before GC invocations=12 (full 2):
 PSYoungGen      total 229376K, used 229171K [0x00000000eab00000, 0x0000000100000000, 0x0000000100000000)
  eden space 148480K, 100% used [0x00000000eab00000,0x00000000f3c00000,0x00000000f3c00000)
  from space 80896K, 99% used [0x00000000f3c00000,0x00000000f8accca8,0x00000000f8b00000)
  to   space 111104K, 0% used [0x00000000f9380000,0x00000000f9380000,0x0000000100000000)
 ParOldGen       total 262656K, used 148611K [0x00000000c0000000, 0x00000000d0080000, 0x00000000eab00000)
  object space 262656K, 56% used [0x00000000c0000000,0x00000000c9120df8,0x00000000d0080000)
 Metaspace       used 6391K, capacity 7128K, committed 7424K, reserved 1056768K
  class space    used 623K, capacity 656K, committed 768K, reserved 1048576K
Event: 7.980 GC heap after
Heap after GC invocations=12 (full 2):
 PSYoungGen      total 227840K, used 111100K [0x00000000eab00000, 0x0000000100000000, 0x0000000100000000)
  eden space 116736K, 0% used [0x00000000eab00000,0x00000000eab00000,0x00000000f1d00000)
  from space 111104K, 99% used [0x00000000f9380000,0x00000000fffff2c8,0x0000000100000000)
  to   space 116224K, 0% used [0x00000000f1d00000,0x00000000f1d00000,0x00000000f8e80000)
 ParOldGen       total 262656K, used 150271K [0x00000000c0000000, 0x00000000d0080000, 0x00000000eab00000)
  object space 262656K, 57% used [0x00000000c0000000,0x00000000c92bfd88,0x00000000d0080000)
 Metaspace       used 6391K, capacity 7128K, committed 7424K, reserved 1056768K
  class space    used 623K, capacity 656K, committed 768K, reserved 1048576K
}
Event: 8.533 GC heap before
{Heap before GC invocations=13 (full 2):
 PSYoungGen      total 227840K, used 227836K [0x00000000eab00000, 0x0000000100000000, 0x0000000100000000)
  eden space 116736K, 100% used [0x00000000eab00000,0x00000000f1d00000,0x00000000f1d00000)
  from space 111104K, 99% used [0x00000000f9380000,0x00000000fffff2c8,0x0000000100000000)
  to   space 116224K, 0% used [0x00000000f1d00000,0x00000000f1d00000,0x00000000f8e80000)
 ParOldGen       total 262656K, used 150271K [0x00000000c0000000, 0x00000000d0080000, 0x00000000eab00000)
  object space 262656K, 57% used [0x00000000c0000000,0x00000000c92bfd88,0x00000000d0080000)
 Metaspace       used 6455K, capacity 7192K, committed 7424K, reserved 1056768K
  class space    used 623K, capacity 656K, committed 768K, reserved 1048576K
Event: 8.702 GC heap after
Heap after GC invocations=13 (full 2):
 PSYoungGen      total 232960K, used 116214K [0x00000000eab00000, 0x0000000100000000, 0x0000000100000000)
  eden space 116736K, 0% used [0x00000000eab00000,0x00000000eab00000,0x00000000f1d00000)
  from space 116224K, 99% used [0x00000000f1d00000,0x00000000f8e7dbb8,0x00000000f8e80000)
  to   space 116224K, 0% used [0x00000000f8e80000,0x00000000f8e80000,0x0000000100000000)
 ParOldGen       total 262656K, used 208111K [0x00000000c0000000, 0x00000000d0080000, 0x00000000eab00000)
  object space 262656K, 79% used [0x00000000c0000000,0x00000000ccb3bcf8,0x00000000d0080000)
 Metaspace       used 6455K, capacity 7192K, committed 7424K, reserved 1056768K
  class space    used 623K, capacity 656K, committed 768K, reserved 1048576K
}
Event: 8.702 GC heap before
{Heap before GC invocations=14 (full 3):
 PSYoungGen      total 232960K, used 116214K [0x00000000eab00000, 0x0000000100000000, 0x0000000100000000)
  eden space 116736K, 0% used [0x00000000eab00000,0x00000000eab00000,0x00000000f1d00000)
  from space 116224K, 99% used [0x00000000f1d00000,0x00000000f8e7dbb8,0x00000000f8e80000)
  to   space 116224K, 0% used [0x00000000f8e80000,0x00000000f8e80000,0x0000000100000000)
 ParOldGen       total 262656K, used 208111K [0x00000000c0000000, 0x00000000d0080000, 0x00000000eab00000)
  object space 262656K, 79% used [0x00000000c0000000,0x00000000ccb3bcf8,0x00000000d0080000)
 Metaspace       used 6455K, capacity 7192K, committed 7424K, reserved 1056768K
  class space    used 623K, capacity 656K, committed 768K, reserved 1048576K
Event: 9.885 GC heap after
Heap after GC invocations=14 (full 3):
 PSYoungGen      total 232960K, used 0K [0x00000000eab00000, 0x0000000100000000, 0x0000000100000000)
  eden space 116736K, 0% used [0x00000000eab00000,0x00000000eab00000,0x00000000f1d00000)
  from space 116224K, 0% used [0x00000000f1d00000,0x00000000f1d00000,0x00000000f8e80000)
  to   space 116224K, 0% used [0x00000000f8e80000,0x00000000f8e80000,0x0000000100000000)
 ParOldGen       total 262656K, used 119237K [0x00000000c0000000, 0x00000000d0080000, 0x00000000eab00000)
  object space 262656K, 45% used [0x00000000c0000000,0x00000000c7471518,0x00000000d0080000)
 Metaspace       used 6455K, capacity 7192K, committed 7424K, reserved 1056768K
  class space    used 623K, capacity 656K, committed 768K, reserved 1048576K
}
Event: 9.972 GC heap before
{Heap before GC invocations=15 (full 3):
 PSYoungGen      total 232960K, used 116736K [0x00000000eab00000, 0x0000000100000000, 0x0000000100000000)
  eden space 116736K, 100% used [0x00000000eab00000,0x00000000f1d00000,0x00000000f1d00000)
  from space 116224K, 0% used [0x00000000f1d00000,0x00000000f1d00000,0x00000000f8e80000)
  to   space 116224K, 0% used [0x00000000f8e80000,0x00000000f8e80000,0x0000000100000000)
 ParOldGen       total 262656K, used 119237K [0x00000000c0000000, 0x00000000d0080000, 0x00000000eab00000)
  object space 262656K, 45% used [0x00000000c0000000,0x00000000c7471518,0x00000000d0080000)
 Metaspace       used 6455K, capacity 7192K, committed 7424K, reserved 1056768K
  class space    used 623K, capacity 656K, committed 768K, reserved 1048576K
Event: 10.171 GC heap after
Heap after GC invocations=15 (full 3):
 PSYoungGen      total 232960K, used 65810K [0x00000000eab00000, 0x0000000100000000, 0x0000000100000000)
  eden space 116736K, 0% used [0x00000000eab00000,0x00000000eab00000,0x00000000f1d00000)
  from space 116224K, 56% used [0x00000000f8e80000,0x00000000fcec4b68,0x0000000100000000)
  to   space 116224K, 0% used [0x00000000f1d00000,0x00000000f1d00000,0x00000000f8e80000)
 ParOldGen       total 262656K, used 119237K [0x00000000c0000000, 0x00000000d0080000, 0x00000000eab00000)
  object space 262656K, 45% used [0x00000000c0000000,0x00000000c7471518,0x00000000d0080000)
 Metaspace       used 6455K, capacity 7192K, committed 7424K, reserved 1056768K
  class space    used 623K, capacity 656K, committed 768K, reserved 1048576K
}

