# JRE version: Java(TM) SE Runtime Environment (8.0_92-b14) (build 1.8.0_92-b14)
# Java VM: Java HotSpot(TM) 64-Bit Server VM (25.92-b14 mixed mode windows-amd64 compressed oops)
Heap:
 PSYoungGen      total 204800K, used 190278K [0x00000000eab00000, 0x0000000100000000, 0x0000000100000000)
  eden space 116736K, 87% used [0x00000000eab00000,0x00000000f0ed5698,0x00000000f1d00000)
  from space 88064K, 99% used [0x00000000faa00000,0x00000000ffffc278,0x0000000100000000)
  to   space 116224K, 0% used [0x00000000f1d00000,0x00000000f1d00000,0x00000000f8e80000)
 ParOldGen       total 416256K, used 150423K [0x00000000c0000000, 0x00000000d9680000, 0x00000000eab00000)
  object space 416256K, 36% used [0x00000000c0000000,0x00000000c92e5dc0,0x00000000d9680000)
 Metaspace       used 6507K, capacity 7256K, committed 7424K, reserved 1056768K
  class space    used 624K, capacity 656K, committed 768K, reserved 1048576K
GC Heap History (10 events):
Event: 6.920 GC heap before
{Heap before GC invocations=9 (full 2):
 PSYoungGen      total 224256K, used 224129K [0x00000000eab00000, 0x00000000ff400000, 0x0000000100000000)
  eden space 169984K, 100% used [0x00000000eab00000,0x00000000f5100000,0x00000000f5100000)
  from space 54272K, 99% used [0x00000000fbf00000,0x00000000ff3e0770,0x00000000ff400000)
  to   space 75776K, 0% used [0x00000000f6000000,0x00000000f6000000,0x00000000faa00000)
 ParOldGen       total 198144K, used 53496K [0x00000000c0000000, 0x00000000cc180000, 0x00000000eab00000)
  object space 198144K, 26% used [0x00000000c0000000,0x00000000c343e258,0x00000000cc180000)
 Metaspace       used 6459K, capacity 7192K, committed 7424K, reserved 1056768K
  class space    used 624K, capacity 656K, committed 768K, reserved 1048576K
Event: 7.012 GC heap after
Heap after GC invocations=9 (full 2):
 PSYoungGen      total 261120K, used 75767K [0x00000000eab00000, 0x0000000100000000, 0x0000000100000000)
  eden space 185344K, 0% used [0x00000000eab00000,0x00000000eab00000,0x00000000f6000000)
  from space 75776K, 99% used [0x00000000f6000000,0x00000000fa9fdf70,0x00000000faa00000)
  to   space 88064K, 0% used [0x00000000faa00000,0x00000000faa00000,0x0000000100000000)
 ParOldGen       total 198144K, used 126773K [0x00000000c0000000, 0x00000000cc180000, 0x00000000eab00000)
  object space 198144K, 63% used [0x00000000c0000000,0x00000000c7bcd5c8,0x00000000cc180000)
 Metaspace       used 6459K, capacity 7192K, committed 7424K, reserved 1056768K
  class space    used 624K, capacity 656K, committed 768K, reserved 1048576K
}
Event: 7.012 GC heap before
{Heap before GC invocations=10 (full 3):
 PSYoungGen      total 261120K, used 75767K [0x00000000eab00000, 0x0000000100000000, 0x0000000100000000)
  eden space 185344K, 0% used [0x00000000eab00000,0x00000000eab00000,0x00000000f6000000)
  from space 75776K, 99% used [0x00000000f6000000,0x00000000fa9fdf70,0x00000000faa00000)
  to   space 88064K, 0% used [0x00000000faa00000,0x00000000faa00000,0x0000000100000000)
 ParOldGen       total 198144K, used 126773K [0x00000000c0000000, 0x00000000cc180000, 0x00000000eab00000)
  object space 198144K, 63% used [0x00000000c0000000,0x00000000c7bcd5c8,0x00000000cc180000)
 Metaspace       used 6459K, capacity 7192K, committed 7424K, reserved 1056768K
  class space    used 624K, capacity 656K, committed 768K, reserved 1048576K
Event: 7.478 GC heap after
Heap after GC invocations=10 (full 3):
 PSYoungGen      total 261120K, used 0K [0x00000000eab00000, 0x0000000100000000, 0x0000000100000000)
  eden space 185344K, 0% used [0x00000000eab00000,0x00000000eab00000,0x00000000f6000000)
  from space 75776K, 0% used [0x00000000f6000000,0x00000000f6000000,0x00000000faa00000)
  to   space 88064K, 0% used [0x00000000faa00000,0x00000000faa00000,0x0000000100000000)
 ParOldGen       total 198144K, used 190062K [0x00000000c0000000, 0x00000000cc180000, 0x00000000eab00000)
  object space 198144K, 95% used [0x00000000c0000000,0x00000000cb99bb30,0x00000000cc180000)
 Metaspace       used 6459K, capacity 7192K, committed 7424K, reserved 1056768K
  class space    used 624K, capacity 656K, committed 768K, reserved 1048576K
}
Event: 7.973 GC heap before
{Heap before GC invocations=11 (full 4):
 PSYoungGen      total 261120K, used 185344K [0x00000000eab00000, 0x0000000100000000, 0x0000000100000000)
  eden space 185344K, 100% used [0x00000000eab00000,0x00000000f6000000,0x00000000f6000000)
  from space 75776K, 0% used [0x00000000f6000000,0x00000000f6000000,0x00000000faa00000)
  to   space 88064K, 0% used [0x00000000faa00000,0x00000000faa00000,0x0000000100000000)
 ParOldGen       total 198144K, used 190062K [0x00000000c0000000, 0x00000000cc180000, 0x00000000eab00000)
  object space 198144K, 95% used [0x00000000c0000000,0x00000000cb99bb30,0x00000000cc180000)
 Metaspace       used 6489K, capacity 7256K, committed 7424K, reserved 1056768K
  class space    used 624K, capacity 656K, committed 768K, reserved 1048576K
Event: 8.789 GC heap after
Heap after GC invocations=11 (full 4):
 PSYoungGen      total 261120K, used 0K [0x00000000eab00000, 0x0000000100000000, 0x0000000100000000)
  eden space 185344K, 0% used [0x00000000eab00000,0x00000000eab00000,0x00000000f6000000)
  from space 75776K, 0% used [0x00000000f6000000,0x00000000f6000000,0x00000000faa00000)
  to   space 88064K, 0% used [0x00000000faa00000,0x00000000faa00000,0x0000000100000000)
 ParOldGen       total 198144K, used 190827K [0x00000000c0000000, 0x00000000cc180000, 0x00000000eab00000)
  object space 198144K, 96% used [0x00000000c0000000,0x00000000cba5ae18,0x00000000cc180000)
 Metaspace       used 6489K, capacity 7256K, committed 7424K, reserved 1056768K
  class space    used 624K, capacity 656K, committed 768K, reserved 1048576K
}
Event: 10.703 GC heap before
{Heap before GC invocations=12 (full 5):
 PSYoungGen      total 261120K, used 185344K [0x00000000eab00000, 0x0000000100000000, 0x0000000100000000)
  eden space 185344K, 100% used [0x00000000eab00000,0x00000000f6000000,0x00000000f6000000)
  from space 75776K, 0% used [0x00000000f6000000,0x00000000f6000000,0x00000000faa00000)
  to   space 88064K, 0% used [0x00000000faa00000,0x00000000faa00000,0x0000000100000000)
 ParOldGen       total 198144K, used 190827K [0x00000000c0000000, 0x00000000cc180000, 0x00000000eab00000)
  object space 198144K, 96% used [0x00000000c0000000,0x00000000cba5ae18,0x00000000cc180000)
 Metaspace       used 6504K, capacity 7256K, committed 7424K, reserved 1056768K
  class space    used 624K, capacity 656K, committed 768K, reserved 1048576K
Event: 11.135 GC heap after
Heap after GC invocations=12 (full 5):
 PSYoungGen      total 261120K, used 0K [0x00000000eab00000, 0x0000000100000000, 0x0000000100000000)
  eden space 185344K, 0% used [0x00000000eab00000,0x00000000eab00000,0x00000000f6000000)
  from space 75776K, 0% used [0x00000000f6000000,0x00000000f6000000,0x00000000faa00000)
  to   space 88064K, 0% used [0x00000000faa00000,0x00000000faa00000,0x0000000100000000)
 ParOldGen       total 416256K, used 128406K [0x00000000c0000000, 0x00000000d9680000, 0x00000000eab00000)
  object space 416256K, 30% used [0x00000000c0000000,0x00000000c7d65a10,0x00000000d9680000)
 Metaspace       used 6504K, capacity 7256K, committed 7424K, reserved 1056768K
  class space    used 624K, capacity 656K, committed 768K, reserved 1048576K
}
Event: 11.262 GC heap before
{Heap before GC invocations=13 (full 5):
 PSYoungGen      total 261120K, used 185344K [0x00000000eab00000, 0x0000000100000000, 0x0000000100000000)
  eden space 185344K, 100% used [0x00000000eab00000,0x00000000f6000000,0x00000000f6000000)
  from space 75776K, 0% used [0x00000000f6000000,0x00000000f6000000,0x00000000faa00000)
  to   space 88064K, 0% used [0x00000000faa00000,0x00000000faa00000,0x0000000100000000)
 ParOldGen       total 416256K, used 128406K [0x00000000c0000000, 0x00000000d9680000, 0x00000000eab00000)
  object space 416256K, 30% used [0x00000000c0000000,0x00000000c7d65a10,0x00000000d9680000)
 Metaspace       used 6507K, capacity 7256K, committed 7424K, reserved 1056768K
  class space    used 624K, capacity 656K, committed 768K, reserved 1048576K
Event: 11.318 GC heap after
Heap after GC invocations=13 (full 5):
 PSYoungGen      total 204800K, used 88048K [0x00000000eab00000, 0x0000000100000000, 0x0000000100000000)
  eden space 116736K, 0% used [0x00000000eab00000,0x00000000eab00000,0x00000000f1d00000)
  from space 88064K, 99% used [0x00000000faa00000,0x00000000ffffc278,0x0000000100000000)
  to   space 116224K, 0% used [0x00000000f1d00000,0x00000000f1d00000,0x00000000f8e80000)
 ParOldGen       total 416256K, used 150423K [0x00000000c0000000, 0x00000000d9680000, 0x00000000eab00000)
  object space 416256K, 36% used [0x00000000c0000000,0x00000000c92e5dc0,0x00000000d9680000)
 Metaspace       used 6507K, capacity 7256K, committed 7424K, reserved 1056768K
  class space    used 624K, capacity 656K, committed 768K, reserved 1048576K
}

