# JRE version: Java(TM) SE Runtime Environment (8.0_92-b14) (build 1.8.0_92-b14)
# Java VM: Java HotSpot(TM) 64-Bit Server VM (25.92-b14 mixed mode windows-amd64 compressed oops)
Heap:
 PSYoungGen      total 154112K, used 118846K [0x00000000eab00000, 0x00000000f8900000, 0x0000000100000000)
  eden space 121856K, 72% used [0x00000000eab00000,0x00000000f0142188,0x00000000f2200000)
  from space 32256K, 94% used [0x00000000f2200000,0x00000000f3fcd990,0x00000000f4180000)
  to   space 37376K, 0% used [0x00000000f6480000,0x00000000f6480000,0x00000000f8900000)
 ParOldGen       total 272384K, used 201044K [0x00000000c0000000, 0x00000000d0a00000, 0x00000000eab00000)
  object space 272384K, 73% used [0x00000000c0000000,0x00000000cc455008,0x00000000d0a00000)
 Metaspace       used 6491K, capacity 7256K, committed 7424K, reserved 1056768K
  class space    used 623K, capacity 656K, committed 768K, reserved 1048576K
GC Heap History (10 events):
Event: 4.177 GC heap before
{Heap before GC invocations=7 (full 0):
 PSYoungGen      total 142848K, used 142822K [0x00000000eab00000, 0x00000000f6c00000, 0x0000000100000000)
  eden space 121856K, 100% used [0x00000000eab00000,0x00000000f2200000,0x00000000f2200000)
  from space 20992K, 99% used [0x00000000f4180000,0x00000000f55f9a40,0x00000000f5600000)
  to   space 32256K, 0% used [0x00000000f2200000,0x00000000f2200000,0x00000000f4180000)
 ParOldGen       total 87552K, used 43773K [0x00000000c0000000, 0x00000000c5580000, 0x00000000eab00000)
  object space 87552K, 49% used [0x00000000c0000000,0x00000000c2abf518,0x00000000c5580000)
 Metaspace       used 6413K, capacity 7192K, committed 7424K, reserved 1056768K
  class space    used 621K, capacity 656K, committed 768K, reserved 1048576K
Event: 4.351 GC heap after
Heap after GC invocations=7 (full 0):
 PSYoungGen      total 142848K, used 142822K [0x00000000eab00000, 0x00000000f6c00000, 0x0000000100000000)
  eden space 121856K, 100% used [0x00000000eab00000,0x00000000f2200000,0x00000000f2200000)
  from space 20992K, 99% used [0x00000000f4180000,0x00000000f55f9a40,0x00000000f5600000)
  to   space 32256K, 99% used [0x00000000f2200000,0x00000000f417c750,0x00000000f4180000)
 ParOldGen       total 105472K, used 105013K [0x00000000c0000000, 0x00000000c6700000, 0x00000000eab00000)
  object space 105472K, 99% used [0x00000000c0000000,0x00000000c668d6a8,0x00000000c6700000)
 Metaspace       used 6413K, capacity 7192K, committed 7424K, reserved 1056768K
  class space    used 621K, capacity 656K, committed 768K, reserved 1048576K
}
Event: 4.351 GC heap before
{Heap before GC invocations=8 (full 1):
 PSYoungGen      total 142848K, used 142822K [0x00000000eab00000, 0x00000000f6c00000, 0x0000000100000000)
  eden space 121856K, 100% used [0x00000000eab00000,0x00000000f2200000,0x00000000f2200000)
  from space 20992K, 99% used [0x00000000f4180000,0x00000000f55f9a40,0x00000000f5600000)
  to   space 32256K, 99% used [0x00000000f2200000,0x00000000f417c750,0x00000000f4180000)
 ParOldGen       total 105472K, used 105013K [0x00000000c0000000, 0x00000000c6700000, 0x00000000eab00000)
  object space 105472K, 99% used [0x00000000c0000000,0x00000000c668d6a8,0x00000000c6700000)
 Metaspace       used 6413K, capacity 7192K, committed 7424K, reserved 1056768K
  class space    used 621K, capacity 656K, committed 768K, reserved 1048576K
Event: 5.390 GC heap after
Heap after GC invocations=8 (full 1):
 PSYoungGen      total 142848K, used 0K [0x00000000eab00000, 0x00000000f6c00000, 0x0000000100000000)
  eden space 121856K, 0% used [0x00000000eab00000,0x00000000eab00000,0x00000000f2200000)
  from space 20992K, 0% used [0x00000000f4180000,0x00000000f4180000,0x00000000f5600000)
  to   space 32256K, 68% used [0x00000000f2200000,0x00000000f3783cb0,0x00000000f4180000)
 ParOldGen       total 172032K, used 105284K [0x00000000c0000000, 0x00000000ca800000, 0x00000000eab00000)
  object space 172032K, 61% used [0x00000000c0000000,0x00000000c66d13d8,0x00000000ca800000)
 Metaspace       used 6413K, capacity 7192K, committed 7424K, reserved 1056768K
  class space    used 621K, capacity 656K, committed 768K, reserved 1048576K
}
Event: 5.496 GC heap before
{Heap before GC invocations=9 (full 2):
 PSYoungGen      total 142848K, used 121856K [0x00000000eab00000, 0x00000000f6c00000, 0x0000000100000000)
  eden space 121856K, 100% used [0x00000000eab00000,0x00000000f2200000,0x00000000f2200000)
  from space 20992K, 0% used [0x00000000f4180000,0x00000000f4180000,0x00000000f5600000)
  to   space 32256K, 68% used [0x00000000f2200000,0x00000000f3783cb0,0x00000000f4180000)
 ParOldGen       total 172032K, used 105284K [0x00000000c0000000, 0x00000000ca800000, 0x00000000eab00000)
  object space 172032K, 61% used [0x00000000c0000000,0x00000000c66d13d8,0x00000000ca800000)
 Metaspace       used 6430K, capacity 7192K, committed 7424K, reserved 1056768K
  class space    used 623K, capacity 656K, committed 768K, reserved 1048576K
Event: 6.001 GC heap after
Heap after GC invocations=9 (full 2):
 PSYoungGen      total 142848K, used 0K [0x00000000eab00000, 0x00000000f6c00000, 0x0000000100000000)
  eden space 121856K, 0% used [0x00000000eab00000,0x00000000eab00000,0x00000000f2200000)
  from space 20992K, 0% used [0x00000000f4180000,0x00000000f4180000,0x00000000f5600000)
  to   space 32256K, 6% used [0x00000000f2200000,0x00000000f2415f28,0x00000000f4180000)
 ParOldGen       total 272384K, used 171721K [0x00000000c0000000, 0x00000000d0a00000, 0x00000000eab00000)
  object space 272384K, 63% used [0x00000000c0000000,0x00000000ca7b2778,0x00000000d0a00000)
 Metaspace       used 6430K, capacity 7192K, committed 7424K, reserved 1056768K
  class space    used 623K, capacity 656K, committed 768K, reserved 1048576K
}
Event: 6.218 GC heap before
{Heap before GC invocations=10 (full 3):
 PSYoungGen      total 142848K, used 121856K [0x00000000eab00000, 0x00000000f6c00000, 0x0000000100000000)
  eden space 121856K, 100% used [0x00000000eab00000,0x00000000f2200000,0x00000000f2200000)
  from space 20992K, 0% used [0x00000000f4180000,0x00000000f4180000,0x00000000f5600000)
  to   space 32256K, 6% used [0x00000000f2200000,0x00000000f2415f28,0x00000000f4180000)
 ParOldGen       total 272384K, used 171721K [0x00000000c0000000, 0x00000000d0a00000, 0x00000000eab00000)
  object space 272384K, 63% used [0x00000000c0000000,0x00000000ca7b2778,0x00000000d0a00000)
 Metaspace       used 6441K, capacity 7192K, committed 7424K, reserved 1056768K
  class space    used 623K, capacity 656K, committed 768K, reserved 1048576K
Event: 6.634 GC heap after
Heap after GC invocations=10 (full 3):
 PSYoungGen      total 142848K, used 0K [0x00000000eab00000, 0x00000000f6c00000, 0x0000000100000000)
  eden space 121856K, 0% used [0x00000000eab00000,0x00000000eab00000,0x00000000f2200000)
  from space 20992K, 0% used [0x00000000f4180000,0x00000000f4180000,0x00000000f5600000)
  to   space 32256K, 0% used [0x00000000f2200000,0x00000000f2200000,0x00000000f4180000)
 ParOldGen       total 272384K, used 201036K [0x00000000c0000000, 0x00000000d0a00000, 0x00000000eab00000)
  object space 272384K, 73% used [0x00000000c0000000,0x00000000cc453008,0x00000000d0a00000)
 Metaspace       used 6441K, capacity 7192K, committed 7424K, reserved 1056768K
  class space    used 623K, capacity 656K, committed 768K, reserved 1048576K
}
Event: 6.937 GC heap before
{Heap before GC invocations=11 (full 3):
 PSYoungGen      total 142848K, used 121856K [0x00000000eab00000, 0x00000000f6c00000, 0x0000000100000000)
  eden space 121856K, 100% used [0x00000000eab00000,0x00000000f2200000,0x00000000f2200000)
  from space 20992K, 0% used [0x00000000f4180000,0x00000000f4180000,0x00000000f5600000)
  to   space 32256K, 0% used [0x00000000f2200000,0x00000000f2200000,0x00000000f4180000)
 ParOldGen       total 272384K, used 201036K [0x00000000c0000000, 0x00000000d0a00000, 0x00000000eab00000)
  object space 272384K, 73% used [0x00000000c0000000,0x00000000cc453008,0x00000000d0a00000)
 Metaspace       used 6469K, capacity 7192K, committed 7424K, reserved 1056768K
  class space    used 623K, capacity 656K, committed 768K, reserved 1048576K
Event: 7.074 GC heap after
Heap after GC invocations=11 (full 3):
 PSYoungGen      total 154112K, used 30518K [0x00000000eab00000, 0x00000000f8900000, 0x0000000100000000)
  eden space 121856K, 0% used [0x00000000eab00000,0x00000000eab00000,0x00000000f2200000)
  from space 32256K, 94% used [0x00000000f2200000,0x00000000f3fcd990,0x00000000f4180000)
  to   space 37376K, 0% used [0x00000000f6480000,0x00000000f6480000,0x00000000f8900000)
 ParOldGen       total 272384K, used 201044K [0x00000000c0000000, 0x00000000d0a00000, 0x00000000eab00000)
  object space 272384K, 73% used [0x00000000c0000000,0x00000000cc455008,0x00000000d0a00000)
 Metaspace       used 6469K, capacity 7192K, committed 7424K, reserved 1056768K
  class space    used 623K, capacity 656K, committed 768K, reserved 1048576K
}

