# JRE version: Java(TM) SE Runtime Environment (8.0_92-b14) (build 1.8.0_92-b14)
# Java VM: Java HotSpot(TM) 64-Bit Server VM (25.92-b14 mixed mode windows-amd64 compressed oops)
Heap:
 PSYoungGen      total 232960K, used 107018K [0x00000000eab00000, 0x0000000100000000, 0x0000000100000000)
  eden space 116736K, 91% used [0x00000000eab00000,0x00000000f1382bd0,0x00000000f1d00000)
  from space 116224K, 0% used [0x00000000f1d00000,0x00000000f1d00000,0x00000000f8e80000)
  to   space 116224K, 0% used [0x00000000f8e80000,0x00000000f8e80000,0x0000000100000000)
 ParOldGen       total 369152K, used 192913K [0x00000000c0000000, 0x00000000d6880000, 0x00000000eab00000)
  object space 369152K, 52% used [0x00000000c0000000,0x00000000cbc647d0,0x00000000d6880000)
 Metaspace       used 6458K, capacity 7192K, committed 7424K, reserved 1056768K
  class space    used 623K, capacity 656K, committed 768K, reserved 1048576K
GC Heap History (10 events):
Event: 6.319 GC heap before
{Heap before GC invocations=12 (full 2):
 PSYoungGen      total 207872K, used 172875K [0x00000000eab00000, 0x00000000ff900000, 0x0000000100000000)
  eden space 109568K, 100% used [0x00000000eab00000,0x00000000f1600000,0x00000000f1600000)
  from space 98304K, 64% used [0x00000000f1600000,0x00000000f53d2c50,0x00000000f7600000)
  to   space 102400K, 0% used [0x00000000f9500000,0x00000000f9500000,0x00000000ff900000)
 ParOldGen       total 300032K, used 165674K [0x00000000c0000000, 0x00000000d2500000, 0x00000000eab00000)
  object space 300032K, 55% used [0x00000000c0000000,0x00000000ca1caab0,0x00000000d2500000)
 Metaspace       used 6402K, capacity 7192K, committed 7424K, reserved 1056768K
  class space    used 623K, capacity 656K, committed 768K, reserved 1048576K
Event: 6.386 GC heap after
Heap after GC invocations=12 (full 2):
 PSYoungGen      total 230400K, used 77487K [0x00000000eab00000, 0x0000000100000000, 0x0000000100000000)
  eden space 128000K, 0% used [0x00000000eab00000,0x00000000eab00000,0x00000000f2800000)
  from space 102400K, 75% used [0x00000000f9500000,0x00000000fe0abca8,0x00000000ff900000)
  to   space 110592K, 0% used [0x00000000f2800000,0x00000000f2800000,0x00000000f9400000)
 ParOldGen       total 300032K, used 165674K [0x00000000c0000000, 0x00000000d2500000, 0x00000000eab00000)
  object space 300032K, 55% used [0x00000000c0000000,0x00000000ca1caab0,0x00000000d2500000)
 Metaspace       used 6402K, capacity 7192K, committed 7424K, reserved 1056768K
  class space    used 623K, capacity 656K, committed 768K, reserved 1048576K
}
Event: 6.833 GC heap before
{Heap before GC invocations=13 (full 2):
 PSYoungGen      total 230400K, used 205487K [0x00000000eab00000, 0x0000000100000000, 0x0000000100000000)
  eden space 128000K, 100% used [0x00000000eab00000,0x00000000f2800000,0x00000000f2800000)
  from space 102400K, 75% used [0x00000000f9500000,0x00000000fe0abca8,0x00000000ff900000)
  to   space 110592K, 0% used [0x00000000f2800000,0x00000000f2800000,0x00000000f9400000)
 ParOldGen       total 300032K, used 165674K [0x00000000c0000000, 0x00000000d2500000, 0x00000000eab00000)
  object space 300032K, 55% used [0x00000000c0000000,0x00000000ca1caab0,0x00000000d2500000)
 Metaspace       used 6420K, capacity 7192K, committed 7424K, reserved 1056768K
  class space    used 623K, capacity 656K, committed 768K, reserved 1048576K
Event: 7.315 GC heap after
Heap after GC invocations=13 (full 2):
 PSYoungGen      total 238592K, used 110572K [0x00000000eab00000, 0x0000000100000000, 0x0000000100000000)
  eden space 128000K, 0% used [0x00000000eab00000,0x00000000eab00000,0x00000000f2800000)
  from space 110592K, 99% used [0x00000000f2800000,0x00000000f93fb360,0x00000000f9400000)
  to   space 110592K, 0% used [0x00000000f9400000,0x00000000f9400000,0x0000000100000000)
 ParOldGen       total 300032K, used 174070K [0x00000000c0000000, 0x00000000d2500000, 0x00000000eab00000)
  object space 300032K, 58% used [0x00000000c0000000,0x00000000ca9fd9c0,0x00000000d2500000)
 Metaspace       used 6420K, capacity 7192K, committed 7424K, reserved 1056768K
  class space    used 623K, capacity 656K, committed 768K, reserved 1048576K
}
Event: 8.165 GC heap before
{Heap before GC invocations=14 (full 2):
 PSYoungGen      total 238592K, used 238572K [0x00000000eab00000, 0x0000000100000000, 0x0000000100000000)
  eden space 128000K, 100% used [0x00000000eab00000,0x00000000f2800000,0x00000000f2800000)
  from space 110592K, 99% used [0x00000000f2800000,0x00000000f93fb360,0x00000000f9400000)
  to   space 110592K, 0% used [0x00000000f9400000,0x00000000f9400000,0x0000000100000000)
 ParOldGen       total 300032K, used 174070K [0x00000000c0000000, 0x00000000d2500000, 0x00000000eab00000)
  object space 300032K, 58% used [0x00000000c0000000,0x00000000ca9fd9c0,0x00000000d2500000)
 Metaspace       used 6451K, capacity 7192K, committed 7424K, reserved 1056768K
  class space    used 623K, capacity 656K, committed 768K, reserved 1048576K
Event: 8.937 GC heap after
Heap after GC invocations=14 (full 2):
 PSYoungGen      total 227328K, used 110574K [0x00000000eab00000, 0x0000000100000000, 0x0000000100000000)
  eden space 116736K, 0% used [0x00000000eab00000,0x00000000eab00000,0x00000000f1d00000)
  from space 110592K, 99% used [0x00000000f9400000,0x00000000ffffbae8,0x0000000100000000)
  to   space 116224K, 0% used [0x00000000f1d00000,0x00000000f1d00000,0x00000000f8e80000)
 ParOldGen       total 300032K, used 237938K [0x00000000c0000000, 0x00000000d2500000, 0x00000000eab00000)
  object space 300032K, 79% used [0x00000000c0000000,0x00000000ce85cb48,0x00000000d2500000)
 Metaspace       used 6451K, capacity 7192K, committed 7424K, reserved 1056768K
  class space    used 623K, capacity 656K, committed 768K, reserved 1048576K
}
Event: 9.212 GC heap before
{Heap before GC invocations=15 (full 2):
 PSYoungGen      total 227328K, used 227310K [0x00000000eab00000, 0x0000000100000000, 0x0000000100000000)
  eden space 116736K, 100% used [0x00000000eab00000,0x00000000f1d00000,0x00000000f1d00000)
  from space 110592K, 99% used [0x00000000f9400000,0x00000000ffffbae8,0x0000000100000000)
  to   space 116224K, 0% used [0x00000000f1d00000,0x00000000f1d00000,0x00000000f8e80000)
 ParOldGen       total 300032K, used 237938K [0x00000000c0000000, 0x00000000d2500000, 0x00000000eab00000)
  object space 300032K, 79% used [0x00000000c0000000,0x00000000ce85cb48,0x00000000d2500000)
 Metaspace       used 6455K, capacity 7192K, committed 7424K, reserved 1056768K
  class space    used 623K, capacity 656K, committed 768K, reserved 1048576K
Event: 9.319 GC heap after
Heap after GC invocations=15 (full 2):
 PSYoungGen      total 232960K, used 116216K [0x00000000eab00000, 0x0000000100000000, 0x0000000100000000)
  eden space 116736K, 0% used [0x00000000eab00000,0x00000000eab00000,0x00000000f1d00000)
  from space 116224K, 99% used [0x00000000f1d00000,0x00000000f8e7e290,0x00000000f8e80000)
  to   space 116224K, 0% used [0x00000000f8e80000,0x00000000f8e80000,0x0000000100000000)
 ParOldGen       total 300032K, used 290003K [0x00000000c0000000, 0x00000000d2500000, 0x00000000eab00000)
  object space 300032K, 96% used [0x00000000c0000000,0x00000000d1b34c40,0x00000000d2500000)
 Metaspace       used 6455K, capacity 7192K, committed 7424K, reserved 1056768K
  class space    used 623K, capacity 656K, committed 768K, reserved 1048576K
}
Event: 9.319 GC heap before
{Heap before GC invocations=16 (full 3):
 PSYoungGen      total 232960K, used 116216K [0x00000000eab00000, 0x0000000100000000, 0x0000000100000000)
  eden space 116736K, 0% used [0x00000000eab00000,0x00000000eab00000,0x00000000f1d00000)
  from space 116224K, 99% used [0x00000000f1d00000,0x00000000f8e7e290,0x00000000f8e80000)
  to   space 116224K, 0% used [0x00000000f8e80000,0x00000000f8e80000,0x0000000100000000)
 ParOldGen       total 300032K, used 290003K [0x00000000c0000000, 0x00000000d2500000, 0x00000000eab00000)
  object space 300032K, 96% used [0x00000000c0000000,0x00000000d1b34c40,0x00000000d2500000)
 Metaspace       used 6455K, capacity 7192K, committed 7424K, reserved 1056768K
  class space    used 623K, capacity 656K, committed 768K, reserved 1048576K
Event: 9.818 GC heap after
Heap after GC invocations=16 (full 3):
 PSYoungGen      total 232960K, used 0K [0x00000000eab00000, 0x0000000100000000, 0x0000000100000000)
  eden space 116736K, 0% used [0x00000000eab00000,0x00000000eab00000,0x00000000f1d00000)
  from space 116224K, 0% used [0x00000000f1d00000,0x00000000f1d00000,0x00000000f8e80000)
  to   space 116224K, 0% used [0x00000000f8e80000,0x00000000f8e80000,0x0000000100000000)
 ParOldGen       total 369152K, used 192913K [0x00000000c0000000, 0x00000000d6880000, 0x00000000eab00000)
  object space 369152K, 52% used [0x00000000c0000000,0x00000000cbc647d0,0x00000000d6880000)
 Metaspace       used 6455K, capacity 7192K, committed 7424K, reserved 1056768K
  class space    used 623K, capacity 656K, committed 768K, reserved 1048576K
}

